

Started GET "/" for 127.0.0.1 at 2014-05-10 15:06:35 +0300
Processing by Rails::WelcomeController#index as HTML
  Rendered /Users/stenver/.rvm/gems/ruby-2.1.0/gems/railties-4.1.0/lib/rails/templates/rails/welcome/index.html.erb (6.6ms)
Completed 200 OK in 46ms (Views: 23.8ms | ActiveRecord: 0.0ms)


Started GET "/socket.io/socket.io.js" for 127.0.0.1 at 2014-05-10 15:17:04 +0300

ActionController::RoutingError (No route matches [GET] "/socket.io/socket.io.js"):
  actionpack (4.1.0) lib/action_dispatch/middleware/debug_exceptions.rb:21:in `call'
  actionpack (4.1.0) lib/action_dispatch/middleware/show_exceptions.rb:30:in `call'
  railties (4.1.0) lib/rails/rack/logger.rb:38:in `call_app'
  railties (4.1.0) lib/rails/rack/logger.rb:20:in `block in call'
  activesupport (4.1.0) lib/active_support/tagged_logging.rb:68:in `block in tagged'
  activesupport (4.1.0) lib/active_support/tagged_logging.rb:26:in `tagged'
  activesupport (4.1.0) lib/active_support/tagged_logging.rb:68:in `tagged'
  railties (4.1.0) lib/rails/rack/logger.rb:20:in `call'
  actionpack (4.1.0) lib/action_dispatch/middleware/request_id.rb:21:in `call'
  rack (1.5.2) lib/rack/methodoverride.rb:21:in `call'
  rack (1.5.2) lib/rack/runtime.rb:17:in `call'
  activesupport (4.1.0) lib/active_support/cache/strategy/local_cache_middleware.rb:26:in `call'
  rack (1.5.2) lib/rack/lock.rb:17:in `call'
  actionpack (4.1.0) lib/action_dispatch/middleware/static.rb:64:in `call'
  rack (1.5.2) lib/rack/sendfile.rb:112:in `call'
  railties (4.1.0) lib/rails/engine.rb:514:in `call'
  railties (4.1.0) lib/rails/application.rb:144:in `call'
  rack (1.5.2) lib/rack/lock.rb:17:in `call'
  rack (1.5.2) lib/rack/content_length.rb:14:in `call'
  rack (1.5.2) lib/rack/handler/webrick.rb:60:in `service'
  /Users/stenver/.rvm/rubies/ruby-2.1.0/lib/ruby/2.1.0/webrick/httpserver.rb:138:in `service'
  /Users/stenver/.rvm/rubies/ruby-2.1.0/lib/ruby/2.1.0/webrick/httpserver.rb:94:in `run'
  /Users/stenver/.rvm/rubies/ruby-2.1.0/lib/ruby/2.1.0/webrick/server.rb:295:in `block in start_thread'


  Rendered /Users/stenver/.rvm/gems/ruby-2.1.0/gems/actionpack-4.1.0/lib/action_dispatch/middleware/templates/rescues/_trace.html.erb (1.0ms)
  Rendered /Users/stenver/.rvm/gems/ruby-2.1.0/gems/actionpack-4.1.0/lib/action_dispatch/middleware/templates/routes/_table.html.erb (10.7ms)
  Rendered /Users/stenver/.rvm/gems/ruby-2.1.0/gems/actionpack-4.1.0/lib/action_dispatch/middleware/templates/rescues/routing_error.html.erb within rescues/layout (27.4ms)


Started GET "/socket.io/socket.io.js" for 127.0.0.1 at 2014-05-10 15:26:50 +0300

ActionController::RoutingError (No route matches [GET] "/socket.io/socket.io.js"):
  actionpack (4.1.0) lib/action_dispatch/middleware/debug_exceptions.rb:21:in `call'
  actionpack (4.1.0) lib/action_dispatch/middleware/show_exceptions.rb:30:in `call'
  railties (4.1.0) lib/rails/rack/logger.rb:38:in `call_app'
  railties (4.1.0) lib/rails/rack/logger.rb:20:in `block in call'
  activesupport (4.1.0) lib/active_support/tagged_logging.rb:68:in `block in tagged'
  activesupport (4.1.0) lib/active_support/tagged_logging.rb:26:in `tagged'
  activesupport (4.1.0) lib/active_support/tagged_logging.rb:68:in `tagged'
  railties (4.1.0) lib/rails/rack/logger.rb:20:in `call'
  actionpack (4.1.0) lib/action_dispatch/middleware/request_id.rb:21:in `call'
  rack (1.5.2) lib/rack/methodoverride.rb:21:in `call'
  rack (1.5.2) lib/rack/runtime.rb:17:in `call'
  activesupport (4.1.0) lib/active_support/cache/strategy/local_cache_middleware.rb:26:in `call'
  rack (1.5.2) lib/rack/lock.rb:17:in `call'
  actionpack (4.1.0) lib/action_dispatch/middleware/static.rb:64:in `call'
  rack (1.5.2) lib/rack/sendfile.rb:112:in `call'
  railties (4.1.0) lib/rails/engine.rb:514:in `call'
  railties (4.1.0) lib/rails/application.rb:144:in `call'
  rack (1.5.2) lib/rack/lock.rb:17:in `call'
  rack (1.5.2) lib/rack/content_length.rb:14:in `call'
  rack (1.5.2) lib/rack/handler/webrick.rb:60:in `service'
  /Users/stenver/.rvm/rubies/ruby-2.1.0/lib/ruby/2.1.0/webrick/httpserver.rb:138:in `service'
  /Users/stenver/.rvm/rubies/ruby-2.1.0/lib/ruby/2.1.0/webrick/httpserver.rb:94:in `run'
  /Users/stenver/.rvm/rubies/ruby-2.1.0/lib/ruby/2.1.0/webrick/server.rb:295:in `block in start_thread'


  Rendered /Users/stenver/.rvm/gems/ruby-2.1.0/gems/actionpack-4.1.0/lib/action_dispatch/middleware/templates/rescues/_trace.html.erb (1.5ms)
  Rendered /Users/stenver/.rvm/gems/ruby-2.1.0/gems/actionpack-4.1.0/lib/action_dispatch/middleware/templates/routes/_table.html.erb (1.8ms)
  Rendered /Users/stenver/.rvm/gems/ruby-2.1.0/gems/actionpack-4.1.0/lib/action_dispatch/middleware/templates/rescues/routing_error.html.erb within rescues/layout (16.7ms)


Started GET "/socket.io/socket.io.js" for 127.0.0.1 at 2014-05-10 15:28:28 +0300

ActionController::RoutingError (No route matches [GET] "/socket.io/socket.io.js"):
  actionpack (4.1.0) lib/action_dispatch/middleware/debug_exceptions.rb:21:in `call'
  actionpack (4.1.0) lib/action_dispatch/middleware/show_exceptions.rb:30:in `call'
  railties (4.1.0) lib/rails/rack/logger.rb:38:in `call_app'
  railties (4.1.0) lib/rails/rack/logger.rb:20:in `block in call'
  activesupport (4.1.0) lib/active_support/tagged_logging.rb:68:in `block in tagged'
  activesupport (4.1.0) lib/active_support/tagged_logging.rb:26:in `tagged'
  activesupport (4.1.0) lib/active_support/tagged_logging.rb:68:in `tagged'
  railties (4.1.0) lib/rails/rack/logger.rb:20:in `call'
  actionpack (4.1.0) lib/action_dispatch/middleware/request_id.rb:21:in `call'
  rack (1.5.2) lib/rack/methodoverride.rb:21:in `call'
  rack (1.5.2) lib/rack/runtime.rb:17:in `call'
  activesupport (4.1.0) lib/active_support/cache/strategy/local_cache_middleware.rb:26:in `call'
  rack (1.5.2) lib/rack/lock.rb:17:in `call'
  actionpack (4.1.0) lib/action_dispatch/middleware/static.rb:64:in `call'
  rack (1.5.2) lib/rack/sendfile.rb:112:in `call'
  railties (4.1.0) lib/rails/engine.rb:514:in `call'
  railties (4.1.0) lib/rails/application.rb:144:in `call'
  rack (1.5.2) lib/rack/lock.rb:17:in `call'
  rack (1.5.2) lib/rack/content_length.rb:14:in `call'
  rack (1.5.2) lib/rack/handler/webrick.rb:60:in `service'
  /Users/stenver/.rvm/rubies/ruby-2.1.0/lib/ruby/2.1.0/webrick/httpserver.rb:138:in `service'
  /Users/stenver/.rvm/rubies/ruby-2.1.0/lib/ruby/2.1.0/webrick/httpserver.rb:94:in `run'
  /Users/stenver/.rvm/rubies/ruby-2.1.0/lib/ruby/2.1.0/webrick/server.rb:295:in `block in start_thread'


  Rendered /Users/stenver/.rvm/gems/ruby-2.1.0/gems/actionpack-4.1.0/lib/action_dispatch/middleware/templates/rescues/_trace.html.erb (1.8ms)
  Rendered /Users/stenver/.rvm/gems/ruby-2.1.0/gems/actionpack-4.1.0/lib/action_dispatch/middleware/templates/routes/_table.html.erb (1.8ms)
  Rendered /Users/stenver/.rvm/gems/ruby-2.1.0/gems/actionpack-4.1.0/lib/action_dispatch/middleware/templates/rescues/routing_error.html.erb within rescues/layout (14.0ms)


Started GET "/socket.io/socket.io.js" for 127.0.0.1 at 2014-05-10 15:28:53 +0300

ActionController::RoutingError (No route matches [GET] "/socket.io/socket.io.js"):
  actionpack (4.1.0) lib/action_dispatch/middleware/debug_exceptions.rb:21:in `call'
  actionpack (4.1.0) lib/action_dispatch/middleware/show_exceptions.rb:30:in `call'
  railties (4.1.0) lib/rails/rack/logger.rb:38:in `call_app'
  railties (4.1.0) lib/rails/rack/logger.rb:20:in `block in call'
  activesupport (4.1.0) lib/active_support/tagged_logging.rb:68:in `block in tagged'
  activesupport (4.1.0) lib/active_support/tagged_logging.rb:26:in `tagged'
  activesupport (4.1.0) lib/active_support/tagged_logging.rb:68:in `tagged'
  railties (4.1.0) lib/rails/rack/logger.rb:20:in `call'
  actionpack (4.1.0) lib/action_dispatch/middleware/request_id.rb:21:in `call'
  rack (1.5.2) lib/rack/methodoverride.rb:21:in `call'
  rack (1.5.2) lib/rack/runtime.rb:17:in `call'
  activesupport (4.1.0) lib/active_support/cache/strategy/local_cache_middleware.rb:26:in `call'
  rack (1.5.2) lib/rack/lock.rb:17:in `call'
  actionpack (4.1.0) lib/action_dispatch/middleware/static.rb:64:in `call'
  rack (1.5.2) lib/rack/sendfile.rb:112:in `call'
  railties (4.1.0) lib/rails/engine.rb:514:in `call'
  railties (4.1.0) lib/rails/application.rb:144:in `call'
  rack (1.5.2) lib/rack/lock.rb:17:in `call'
  rack (1.5.2) lib/rack/content_length.rb:14:in `call'
  rack (1.5.2) lib/rack/handler/webrick.rb:60:in `service'
  /Users/stenver/.rvm/rubies/ruby-2.1.0/lib/ruby/2.1.0/webrick/httpserver.rb:138:in `service'
  /Users/stenver/.rvm/rubies/ruby-2.1.0/lib/ruby/2.1.0/webrick/httpserver.rb:94:in `run'
  /Users/stenver/.rvm/rubies/ruby-2.1.0/lib/ruby/2.1.0/webrick/server.rb:295:in `block in start_thread'


  Rendered /Users/stenver/.rvm/gems/ruby-2.1.0/gems/actionpack-4.1.0/lib/action_dispatch/middleware/templates/rescues/_trace.html.erb (1.6ms)
  Rendered /Users/stenver/.rvm/gems/ruby-2.1.0/gems/actionpack-4.1.0/lib/action_dispatch/middleware/templates/routes/_table.html.erb (1.2ms)
  Rendered /Users/stenver/.rvm/gems/ruby-2.1.0/gems/actionpack-4.1.0/lib/action_dispatch/middleware/templates/rescues/routing_error.html.erb within rescues/layout (17.1ms)


Started GET "/" for 127.0.0.1 at 2014-05-10 16:00:04 +0300
Processing by Rails::WelcomeController#index as HTML
  Rendered /Users/stenver/.rvm/gems/ruby-2.1.0/gems/railties-4.1.0/lib/rails/templates/rails/welcome/index.html.erb (2.4ms)
Completed 200 OK in 33ms (Views: 9.7ms | ActiveRecord: 0.0ms)


Started GET "/" for 127.0.0.1 at 2014-05-10 16:01:03 +0300

ActiveRecord::PendingMigrationError (

Migrations are pending. To resolve this issue, run:

	bin/rake db:migrate RAILS_ENV=development

):
  activerecord (4.1.0) lib/active_record/migration.rb:389:in `check_pending!'
  activerecord (4.1.0) lib/active_record/migration.rb:377:in `call'
  actionpack (4.1.0) lib/action_dispatch/middleware/callbacks.rb:29:in `block in call'
  activesupport (4.1.0) lib/active_support/callbacks.rb:82:in `run_callbacks'
  actionpack (4.1.0) lib/action_dispatch/middleware/callbacks.rb:27:in `call'
  actionpack (4.1.0) lib/action_dispatch/middleware/reloader.rb:73:in `call'
  actionpack (4.1.0) lib/action_dispatch/middleware/remote_ip.rb:76:in `call'
  actionpack (4.1.0) lib/action_dispatch/middleware/debug_exceptions.rb:17:in `call'
  actionpack (4.1.0) lib/action_dispatch/middleware/show_exceptions.rb:30:in `call'
  railties (4.1.0) lib/rails/rack/logger.rb:38:in `call_app'
  railties (4.1.0) lib/rails/rack/logger.rb:20:in `block in call'
  activesupport (4.1.0) lib/active_support/tagged_logging.rb:68:in `block in tagged'
  activesupport (4.1.0) lib/active_support/tagged_logging.rb:26:in `tagged'
  activesupport (4.1.0) lib/active_support/tagged_logging.rb:68:in `tagged'
  railties (4.1.0) lib/rails/rack/logger.rb:20:in `call'
  actionpack (4.1.0) lib/action_dispatch/middleware/request_id.rb:21:in `call'
  rack (1.5.2) lib/rack/methodoverride.rb:21:in `call'
  rack (1.5.2) lib/rack/runtime.rb:17:in `call'
  activesupport (4.1.0) lib/active_support/cache/strategy/local_cache_middleware.rb:26:in `call'
  rack (1.5.2) lib/rack/lock.rb:17:in `call'
  actionpack (4.1.0) lib/action_dispatch/middleware/static.rb:64:in `call'
  rack (1.5.2) lib/rack/sendfile.rb:112:in `call'
  railties (4.1.0) lib/rails/engine.rb:514:in `call'
  railties (4.1.0) lib/rails/application.rb:144:in `call'
  rack (1.5.2) lib/rack/lock.rb:17:in `call'
  rack (1.5.2) lib/rack/content_length.rb:14:in `call'
  rack (1.5.2) lib/rack/handler/webrick.rb:60:in `service'
  /Users/stenver/.rvm/rubies/ruby-2.1.0/lib/ruby/2.1.0/webrick/httpserver.rb:138:in `service'
  /Users/stenver/.rvm/rubies/ruby-2.1.0/lib/ruby/2.1.0/webrick/httpserver.rb:94:in `run'
  /Users/stenver/.rvm/rubies/ruby-2.1.0/lib/ruby/2.1.0/webrick/server.rb:295:in `block in start_thread'


  Rendered /Users/stenver/.rvm/gems/ruby-2.1.0/gems/actionpack-4.1.0/lib/action_dispatch/middleware/templates/rescues/_source.erb (0.7ms)
  Rendered /Users/stenver/.rvm/gems/ruby-2.1.0/gems/actionpack-4.1.0/lib/action_dispatch/middleware/templates/rescues/_trace.html.erb (1.2ms)
  Rendered /Users/stenver/.rvm/gems/ruby-2.1.0/gems/actionpack-4.1.0/lib/action_dispatch/middleware/templates/rescues/_request_and_response.html.erb (1.1ms)
  Rendered /Users/stenver/.rvm/gems/ruby-2.1.0/gems/actionpack-4.1.0/lib/action_dispatch/middleware/templates/rescues/diagnostics.erb within rescues/layout (18.2ms)
  [1m[36m (1.0ms)[0m  [1mCREATE TABLE "schema_migrations" ("version" varchar(255) NOT NULL) [0m
  [1m[35m (0.4ms)[0m  select sqlite_version(*)
  [1m[36m (0.9ms)[0m  [1mCREATE UNIQUE INDEX "unique_schema_migrations" ON "schema_migrations" ("version")[0m
  [1m[35mActiveRecord::SchemaMigration Load (0.1ms)[0m  SELECT "schema_migrations".* FROM "schema_migrations"
Migrating to CreateFeedbacks (20140510130031)
  [1m[36m (0.1ms)[0m  [1mbegin transaction[0m
  [1m[35m (0.5ms)[0m  CREATE TABLE "feedbacks" ("id" INTEGER PRIMARY KEY AUTOINCREMENT NOT NULL, "text" varchar(255), "created_at" datetime, "updated_at" datetime) 
  [1m[36mSQL (0.2ms)[0m  [1mINSERT INTO "schema_migrations" ("version") VALUES (?)[0m  [["version", "20140510130031"]]
  [1m[35m (0.6ms)[0m  commit transaction
  [1m[36mActiveRecord::SchemaMigration Load (0.1ms)[0m  [1mSELECT "schema_migrations".* FROM "schema_migrations"[0m


Started GET "/" for 127.0.0.1 at 2014-05-10 16:01:12 +0300
  [1m[36mActiveRecord::SchemaMigration Load (0.1ms)[0m  [1mSELECT "schema_migrations".* FROM "schema_migrations"[0m
Processing by Rails::WelcomeController#index as HTML
  Rendered /Users/stenver/.rvm/gems/ruby-2.1.0/gems/railties-4.1.0/lib/rails/templates/rails/welcome/index.html.erb (0.0ms)
Completed 200 OK in 1ms (Views: 1.0ms | ActiveRecord: 0.0ms)


Started GET "/" for 127.0.0.1 at 2014-05-10 16:01:13 +0300
Processing by Rails::WelcomeController#index as HTML
  Rendered /Users/stenver/.rvm/gems/ruby-2.1.0/gems/railties-4.1.0/lib/rails/templates/rails/welcome/index.html.erb (0.0ms)
Completed 200 OK in 1ms (Views: 1.0ms | ActiveRecord: 0.0ms)


Started GET "/" for 127.0.0.1 at 2014-05-10 16:02:16 +0300

ArgumentError ('Feedback' is not a supported controller name. This can lead to potential routing problems. See http://guides.rubyonrails.org/routing.html#specifying-a-controller-to-use):
  config/routes.rb:3:in `block in <top (required)>'
  config/routes.rb:1:in `<top (required)>'


  Rendered /Users/stenver/.rvm/gems/ruby-2.1.0/gems/actionpack-4.1.0/lib/action_dispatch/middleware/templates/rescues/_source.erb (0.6ms)
  Rendered /Users/stenver/.rvm/gems/ruby-2.1.0/gems/actionpack-4.1.0/lib/action_dispatch/middleware/templates/rescues/_trace.html.erb (2.0ms)
  Rendered /Users/stenver/.rvm/gems/ruby-2.1.0/gems/actionpack-4.1.0/lib/action_dispatch/middleware/templates/rescues/_request_and_response.html.erb (0.8ms)
  Rendered /Users/stenver/.rvm/gems/ruby-2.1.0/gems/actionpack-4.1.0/lib/action_dispatch/middleware/templates/rescues/diagnostics.erb within rescues/layout (15.9ms)


Started GET "/" for 127.0.0.1 at 2014-05-10 16:02:26 +0300

ArgumentError ('Feedbacks' is not a supported controller name. This can lead to potential routing problems. See http://guides.rubyonrails.org/routing.html#specifying-a-controller-to-use):
  config/routes.rb:3:in `block in <top (required)>'
  config/routes.rb:1:in `<top (required)>'


  Rendered /Users/stenver/.rvm/gems/ruby-2.1.0/gems/actionpack-4.1.0/lib/action_dispatch/middleware/templates/rescues/_source.erb (0.6ms)
  Rendered /Users/stenver/.rvm/gems/ruby-2.1.0/gems/actionpack-4.1.0/lib/action_dispatch/middleware/templates/rescues/_trace.html.erb (1.2ms)
  Rendered /Users/stenver/.rvm/gems/ruby-2.1.0/gems/actionpack-4.1.0/lib/action_dispatch/middleware/templates/rescues/_request_and_response.html.erb (1.1ms)
  Rendered /Users/stenver/.rvm/gems/ruby-2.1.0/gems/actionpack-4.1.0/lib/action_dispatch/middleware/templates/rescues/diagnostics.erb within rescues/layout (13.4ms)


Started GET "/" for 127.0.0.1 at 2014-05-10 16:02:31 +0300
Processing by FeedbacksController#index as HTML
  [1m[35mFeedback Load (0.4ms)[0m  SELECT "feedbacks".* FROM "feedbacks"
  Rendered feedbacks/index.html.erb within layouts/application (1.9ms)
Completed 200 OK in 561ms (Views: 552.8ms | ActiveRecord: 0.4ms)


Started GET "/assets/feedbacks.css?body=1" for 127.0.0.1 at 2014-05-10 16:02:32 +0300


Started GET "/assets/scaffolds.css?body=1" for 127.0.0.1 at 2014-05-10 16:02:32 +0300


Started GET "/assets/application.css?body=1" for 127.0.0.1 at 2014-05-10 16:02:32 +0300


Started GET "/assets/jquery.js?body=1" for 127.0.0.1 at 2014-05-10 16:02:32 +0300


Started GET "/assets/jquery_ujs.js?body=1" for 127.0.0.1 at 2014-05-10 16:02:32 +0300


Started GET "/assets/turbolinks.js?body=1" for 127.0.0.1 at 2014-05-10 16:02:32 +0300


Started GET "/assets/feedbacks.js?body=1" for 127.0.0.1 at 2014-05-10 16:02:32 +0300


Started GET "/assets/lib/backbone-min.js?body=1" for 127.0.0.1 at 2014-05-10 16:02:32 +0300


Started GET "/assets/lib/html2canvas.js?body=1" for 127.0.0.1 at 2014-05-10 16:02:32 +0300


Started GET "/assets/underscore.js?body=1" for 127.0.0.1 at 2014-05-10 16:02:32 +0300


Started GET "/assets/application.js?body=1" for 127.0.0.1 at 2014-05-10 16:02:32 +0300


Started GET "/feedbacks/new" for 127.0.0.1 at 2014-05-10 16:02:34 +0300
Processing by FeedbacksController#new as HTML
  Rendered feedbacks/_form.html.erb (29.9ms)
  Rendered feedbacks/new.html.erb within layouts/application (35.7ms)
Completed 200 OK in 49ms (Views: 46.4ms | ActiveRecord: 0.4ms)


Started GET "/feedbacks" for 127.0.0.1 at 2014-05-10 16:02:35 +0300
Processing by FeedbacksController#index as HTML
  [1m[36mFeedback Load (0.2ms)[0m  [1mSELECT "feedbacks".* FROM "feedbacks"[0m
  Rendered feedbacks/index.html.erb within layouts/application (11.3ms)
Completed 200 OK in 23ms (Views: 21.6ms | ActiveRecord: 0.2ms)


Started GET "/feedbacks/new" for 127.0.0.1 at 2014-05-10 16:02:37 +0300
Processing by FeedbacksController#new as HTML
  Rendered feedbacks/_form.html.erb (2.0ms)
  Rendered feedbacks/new.html.erb within layouts/application (3.1ms)
Completed 200 OK in 11ms (Views: 10.3ms | ActiveRecord: 0.0ms)


Started POST "/feedbacks" for 127.0.0.1 at 2014-05-10 16:02:38 +0300
Processing by FeedbacksController#create as HTML
  Parameters: {"utf8"=>"✓", "authenticity_token"=>"yEDj21rtXJ6qaPAcZ5ukb4PsOGK+uH3PGbw5+86rJfM=", "feedback"=>{"text"=>""}, "commit"=>"Create Feedback"}
  [1m[35m (0.1ms)[0m  begin transaction
  [1m[36mSQL (1.3ms)[0m  [1mINSERT INTO "feedbacks" ("created_at", "text", "updated_at") VALUES (?, ?, ?)[0m  [["created_at", "2014-05-10 13:02:38.477051"], ["text", ""], ["updated_at", "2014-05-10 13:02:38.477051"]]
  [1m[35m (1.5ms)[0m  commit transaction
Redirected to http://localhost:3000/feedbacks/1
Completed 302 Found in 13ms (ActiveRecord: 2.9ms)


Started GET "/feedbacks/1" for 127.0.0.1 at 2014-05-10 16:02:38 +0300
Processing by FeedbacksController#show as HTML
  Parameters: {"id"=>"1"}
  [1m[36mFeedback Load (0.3ms)[0m  [1mSELECT  "feedbacks".* FROM "feedbacks"  WHERE "feedbacks"."id" = ? LIMIT 1[0m  [["id", 1]]
  Rendered feedbacks/show.html.erb within layouts/application (1.5ms)
Completed 200 OK in 15ms (Views: 10.8ms | ActiveRecord: 0.3ms)


Started GET "/assets/jquery.js?body=1" for 127.0.0.1 at 2014-05-10 16:02:38 +0300


Started GET "/feedbacks" for 127.0.0.1 at 2014-05-10 16:02:40 +0300
Processing by FeedbacksController#index as HTML
  [1m[35mFeedback Load (0.1ms)[0m  SELECT "feedbacks".* FROM "feedbacks"
  Rendered feedbacks/index.html.erb within layouts/application (1.8ms)
Completed 200 OK in 9ms (Views: 8.4ms | ActiveRecord: 0.1ms)


Started GET "/feedbacks/new" for 127.0.0.1 at 2014-05-10 16:02:43 +0300
Processing by FeedbacksController#new as HTML
  Rendered feedbacks/_form.html.erb (1.5ms)
  Rendered feedbacks/new.html.erb within layouts/application (2.6ms)
Completed 200 OK in 10ms (Views: 9.0ms | ActiveRecord: 0.0ms)


Started POST "/feedbacks" for 127.0.0.1 at 2014-05-10 16:02:45 +0300
Processing by FeedbacksController#create as HTML
  Parameters: {"utf8"=>"✓", "authenticity_token"=>"yEDj21rtXJ6qaPAcZ5ukb4PsOGK+uH3PGbw5+86rJfM=", "feedback"=>{"text"=>"asdf"}, "commit"=>"Create Feedback"}
  [1m[36m (0.1ms)[0m  [1mbegin transaction[0m
  [1m[35mSQL (1.2ms)[0m  INSERT INTO "feedbacks" ("created_at", "text", "updated_at") VALUES (?, ?, ?)  [["created_at", "2014-05-10 13:02:45.158692"], ["text", "asdf"], ["updated_at", "2014-05-10 13:02:45.158692"]]
  [1m[36m (0.6ms)[0m  [1mcommit transaction[0m
Redirected to http://localhost:3000/feedbacks/2
Completed 302 Found in 7ms (ActiveRecord: 2.0ms)


Started GET "/feedbacks/2" for 127.0.0.1 at 2014-05-10 16:02:45 +0300
Processing by FeedbacksController#show as HTML
  Parameters: {"id"=>"2"}
  [1m[35mFeedback Load (0.5ms)[0m  SELECT  "feedbacks".* FROM "feedbacks"  WHERE "feedbacks"."id" = ? LIMIT 1  [["id", 2]]
  Rendered feedbacks/show.html.erb within layouts/application (0.5ms)
Completed 200 OK in 10ms (Views: 5.5ms | ActiveRecord: 0.5ms)


Started GET "/assets/feedbacks.css?body=1" for 127.0.0.1 at 2014-05-10 16:02:45 +0300


Started GET "/assets/feedbacks.js?body=1" for 127.0.0.1 at 2014-05-10 16:02:45 +0300


Started GET "/assets/jquery.js?body=1" for 127.0.0.1 at 2014-05-10 16:02:45 +0300


Started GET "/assets/scaffolds.css?body=1" for 127.0.0.1 at 2014-05-10 16:02:45 +0300


Started GET "/feedbacks/2/edit" for 127.0.0.1 at 2014-05-10 16:02:47 +0300
Processing by FeedbacksController#edit as HTML
  Parameters: {"id"=>"2"}
  [1m[36mFeedback Load (0.3ms)[0m  [1mSELECT  "feedbacks".* FROM "feedbacks"  WHERE "feedbacks"."id" = ? LIMIT 1[0m  [["id", 2]]
  Rendered feedbacks/_form.html.erb (2.7ms)
  Rendered feedbacks/edit.html.erb within layouts/application (4.7ms)
Completed 200 OK in 16ms (Views: 12.2ms | ActiveRecord: 0.3ms)


Started GET "/feedbacks" for 127.0.0.1 at 2014-05-10 16:02:48 +0300
Processing by FeedbacksController#index as HTML
  [1m[35mFeedback Load (0.2ms)[0m  SELECT "feedbacks".* FROM "feedbacks"
  Rendered feedbacks/index.html.erb within layouts/application (6.4ms)
Completed 200 OK in 18ms (Views: 15.0ms | ActiveRecord: 0.2ms)


Started DELETE "/feedbacks/1" for 127.0.0.1 at 2014-05-10 16:02:52 +0300
Processing by FeedbacksController#destroy as HTML
  Parameters: {"authenticity_token"=>"yEDj21rtXJ6qaPAcZ5ukb4PsOGK+uH3PGbw5+86rJfM=", "id"=>"1"}
  [1m[36mFeedback Load (0.3ms)[0m  [1mSELECT  "feedbacks".* FROM "feedbacks"  WHERE "feedbacks"."id" = ? LIMIT 1[0m  [["id", 1]]
  [1m[35m (0.2ms)[0m  begin transaction
  [1m[36mSQL (0.5ms)[0m  [1mDELETE FROM "feedbacks" WHERE "feedbacks"."id" = ?[0m  [["id", 1]]
  [1m[35m (1.8ms)[0m  commit transaction
Redirected to http://localhost:3000/feedbacks
Completed 302 Found in 9ms (ActiveRecord: 2.8ms)


Started GET "/feedbacks" for 127.0.0.1 at 2014-05-10 16:02:52 +0300
Processing by FeedbacksController#index as HTML
  [1m[36mFeedback Load (0.2ms)[0m  [1mSELECT "feedbacks".* FROM "feedbacks"[0m
  Rendered feedbacks/index.html.erb within layouts/application (1.3ms)
Completed 200 OK in 8ms (Views: 6.9ms | ActiveRecord: 0.2ms)


Started GET "/assets/feedbacks.css?body=1" for 127.0.0.1 at 2014-05-10 16:02:52 +0300


Started GET "/assets/jquery.js?body=1" for 127.0.0.1 at 2014-05-10 16:02:52 +0300


Started GET "/assets/scaffolds.css?body=1" for 127.0.0.1 at 2014-05-10 16:02:52 +0300


Started GET "/assets/feedbacks.js?body=1" for 127.0.0.1 at 2014-05-10 16:02:52 +0300


Started GET "/feedbacks" for 127.0.0.1 at 2014-05-10 16:06:34 +0300
Processing by FeedbacksController#index as HTML
  [1m[35mFeedback Load (0.1ms)[0m  SELECT "feedbacks".* FROM "feedbacks"
  Rendered feedbacks/index.html.erb within layouts/application (1.0ms)
Completed 200 OK in 7ms (Views: 5.8ms | ActiveRecord: 0.1ms)


Started GET "/assets/scaffolds.css?body=1" for 127.0.0.1 at 2014-05-10 16:06:34 +0300


Started GET "/assets/application.css?body=1" for 127.0.0.1 at 2014-05-10 16:06:34 +0300


Started GET "/assets/jquery_ujs.js?body=1" for 127.0.0.1 at 2014-05-10 16:06:34 +0300


Started GET "/assets/jquery.js?body=1" for 127.0.0.1 at 2014-05-10 16:06:34 +0300


Started GET "/assets/turbolinks.js?body=1" for 127.0.0.1 at 2014-05-10 16:06:34 +0300


Started GET "/assets/feedbacks.js?body=1" for 127.0.0.1 at 2014-05-10 16:06:34 +0300


Started GET "/assets/feedbacks.css?body=1" for 127.0.0.1 at 2014-05-10 16:06:34 +0300


Started GET "/assets/lib/backbone-min.js?body=1" for 127.0.0.1 at 2014-05-10 16:06:34 +0300


Started GET "/assets/lib/html2canvas.js?body=1" for 127.0.0.1 at 2014-05-10 16:06:34 +0300


Started GET "/assets/underscore.js?body=1" for 127.0.0.1 at 2014-05-10 16:06:34 +0300


Started GET "/assets/application.js?body=1" for 127.0.0.1 at 2014-05-10 16:06:34 +0300


Started GET "/feedbacks" for 127.0.0.1 at 2014-05-10 16:06:59 +0300
Processing by FeedbacksController#index as HTML
  [1m[36mFeedback Load (0.2ms)[0m  [1mSELECT "feedbacks".* FROM "feedbacks"[0m
  Rendered feedbacks/index.html.erb within layouts/application (2.0ms)
Completed 200 OK in 223ms (Views: 221.6ms | ActiveRecord: 0.2ms)


Started GET "/assets/scaffolds.css?body=1" for 127.0.0.1 at 2014-05-10 16:07:00 +0300


Started GET "/assets/application.css?body=1" for 127.0.0.1 at 2014-05-10 16:07:00 +0300


Started GET "/assets/jquery_ujs.js?body=1" for 127.0.0.1 at 2014-05-10 16:07:00 +0300


Started GET "/assets/turbolinks.js?body=1" for 127.0.0.1 at 2014-05-10 16:07:00 +0300


Started GET "/assets/jquery.js?body=1" for 127.0.0.1 at 2014-05-10 16:07:00 +0300


Started GET "/assets/feedbacks.js?body=1" for 127.0.0.1 at 2014-05-10 16:07:00 +0300


Started GET "/assets/lib/backbone-min.js?body=1" for 127.0.0.1 at 2014-05-10 16:07:00 +0300


Started GET "/assets/underscore.js?body=1" for 127.0.0.1 at 2014-05-10 16:07:00 +0300


Started GET "/assets/lib/html2canvas.js?body=1" for 127.0.0.1 at 2014-05-10 16:07:00 +0300


Started GET "/assets/application.js?body=1" for 127.0.0.1 at 2014-05-10 16:07:00 +0300


Started GET "/assets/feedbacks.css?body=1" for 127.0.0.1 at 2014-05-10 16:07:00 +0300


Started GET "/assets/turbolinks.js?body=1" for 127.0.0.1 at 2014-05-10 16:07:00 +0300


Started GET "/assets/lib/backbone-min.js?body=1" for 127.0.0.1 at 2014-05-10 16:07:00 +0300


Started GET "/assets/lib/html2canvas.js?body=1" for 127.0.0.1 at 2014-05-10 16:07:00 +0300


Started GET "/feedbacks" for 127.0.0.1 at 2014-05-10 16:07:43 +0300
Processing by FeedbacksController#index as HTML
  [1m[35mFeedback Load (0.2ms)[0m  SELECT "feedbacks".* FROM "feedbacks"
  Rendered feedbacks/index.html.erb within layouts/application (1.5ms)
Completed 200 OK in 17ms (Views: 14.3ms | ActiveRecord: 0.2ms)


Started GET "/assets/scaffolds.css?body=1" for 127.0.0.1 at 2014-05-10 16:07:43 +0300


Started GET "/assets/application.css?body=1" for 127.0.0.1 at 2014-05-10 16:07:43 +0300


Started GET "/assets/jquery.js?body=1" for 127.0.0.1 at 2014-05-10 16:07:43 +0300


Started GET "/assets/jquery_ujs.js?body=1" for 127.0.0.1 at 2014-05-10 16:07:43 +0300


Started GET "/assets/feedbacks.js?body=1" for 127.0.0.1 at 2014-05-10 16:07:43 +0300


Started GET "/assets/turbolinks.js?body=1" for 127.0.0.1 at 2014-05-10 16:07:43 +0300


Started GET "/assets/lib/backbone-min.js?body=1" for 127.0.0.1 at 2014-05-10 16:07:43 +0300


Started GET "/assets/feedbacks.css?body=1" for 127.0.0.1 at 2014-05-10 16:07:43 +0300


Started GET "/assets/underscore.js?body=1" for 127.0.0.1 at 2014-05-10 16:07:43 +0300


Started GET "/assets/application.js?body=1" for 127.0.0.1 at 2014-05-10 16:07:43 +0300


Started GET "/assets/lib/html2canvas.js?body=1" for 127.0.0.1 at 2014-05-10 16:07:43 +0300


Started GET "/feedbacks" for 127.0.0.1 at 2014-05-10 16:07:44 +0300
Processing by FeedbacksController#index as HTML
  [1m[36mFeedback Load (0.1ms)[0m  [1mSELECT "feedbacks".* FROM "feedbacks"[0m
  Rendered feedbacks/index.html.erb within layouts/application (1.2ms)
Completed 200 OK in 11ms (Views: 9.4ms | ActiveRecord: 0.1ms)


Started GET "/assets/feedbacks.css?body=1" for 127.0.0.1 at 2014-05-10 16:07:44 +0300


Started GET "/assets/application.css?body=1" for 127.0.0.1 at 2014-05-10 16:07:44 +0300


Started GET "/assets/jquery.js?body=1" for 127.0.0.1 at 2014-05-10 16:07:44 +0300


Started GET "/assets/scaffolds.css?body=1" for 127.0.0.1 at 2014-05-10 16:07:44 +0300


Started GET "/assets/jquery_ujs.js?body=1" for 127.0.0.1 at 2014-05-10 16:07:44 +0300


Started GET "/assets/underscore.js?body=1" for 127.0.0.1 at 2014-05-10 16:07:44 +0300


Started GET "/assets/turbolinks.js?body=1" for 127.0.0.1 at 2014-05-10 16:07:44 +0300


Started GET "/assets/lib/html2canvas.js?body=1" for 127.0.0.1 at 2014-05-10 16:07:44 +0300


Started GET "/assets/application.js?body=1" for 127.0.0.1 at 2014-05-10 16:07:44 +0300


Started GET "/assets/feedbacks.js?body=1" for 127.0.0.1 at 2014-05-10 16:07:44 +0300


Started GET "/assets/lib/backbone-min.js?body=1" for 127.0.0.1 at 2014-05-10 16:07:44 +0300


Started GET "/feedbacks/new" for 127.0.0.1 at 2014-05-10 16:07:46 +0300
Processing by FeedbacksController#new as HTML
  Rendered feedbacks/_form.html.erb (2.8ms)
  Rendered feedbacks/new.html.erb within layouts/application (5.5ms)
Completed 200 OK in 13ms (Views: 12.3ms | ActiveRecord: 0.0ms)


Started GET "/feedbacks" for 127.0.0.1 at 2014-05-10 16:07:48 +0300
Processing by FeedbacksController#index as HTML
  [1m[35mFeedback Load (0.1ms)[0m  SELECT "feedbacks".* FROM "feedbacks"
  Rendered feedbacks/index.html.erb within layouts/application (1.8ms)
Completed 200 OK in 10ms (Views: 7.6ms | ActiveRecord: 0.1ms)


Started GET "/feedbacks" for 127.0.0.1 at 2014-05-10 16:08:49 +0300
Processing by FeedbacksController#index as HTML
  [1m[36mFeedback Load (0.1ms)[0m  [1mSELECT "feedbacks".* FROM "feedbacks"[0m
  Rendered feedbacks/index.html.erb within layouts/application (1.1ms)
Completed 200 OK in 26ms (Views: 25.0ms | ActiveRecord: 0.1ms)


Started GET "/assets/application.css?body=1" for 127.0.0.1 at 2014-05-10 16:08:49 +0300


Started GET "/assets/jquery.js?body=1" for 127.0.0.1 at 2014-05-10 16:08:49 +0300


Started GET "/assets/turbolinks.js?body=1" for 127.0.0.1 at 2014-05-10 16:08:49 +0300


Started GET "/assets/scaffolds.css?body=1" for 127.0.0.1 at 2014-05-10 16:08:49 +0300


Started GET "/assets/jquery_ujs.js?body=1" for 127.0.0.1 at 2014-05-10 16:08:49 +0300


Started GET "/assets/lib/html2canvas.js?body=1" for 127.0.0.1 at 2014-05-10 16:08:49 +0300


Started GET "/assets/lib/backbone-min.js?body=1" for 127.0.0.1 at 2014-05-10 16:08:49 +0300


Started GET "/assets/feedbacks.css?body=1" for 127.0.0.1 at 2014-05-10 16:08:49 +0300


Started GET "/assets/feedbacks.js?body=1" for 127.0.0.1 at 2014-05-10 16:08:49 +0300


Started GET "/assets/underscore.js?body=1" for 127.0.0.1 at 2014-05-10 16:08:49 +0300


Started GET "/assets/application.js?body=1" for 127.0.0.1 at 2014-05-10 16:08:49 +0300


Started GET "/feedbacks" for 127.0.0.1 at 2014-05-10 16:09:21 +0300
Processing by FeedbacksController#index as HTML
  [1m[35mFeedback Load (0.2ms)[0m  SELECT "feedbacks".* FROM "feedbacks"
  Rendered feedbacks/index.html.erb within layouts/application (1.4ms)
Completed 200 OK in 28ms (Views: 26.2ms | ActiveRecord: 0.2ms)


Started GET "/assets/scaffolds.css?body=1" for 127.0.0.1 at 2014-05-10 16:09:21 +0300


Started GET "/assets/application.css?body=1" for 127.0.0.1 at 2014-05-10 16:09:21 +0300


Started GET "/assets/jquery.js?body=1" for 127.0.0.1 at 2014-05-10 16:09:21 +0300


Started GET "/assets/feedbacks.css?body=1" for 127.0.0.1 at 2014-05-10 16:09:21 +0300


Started GET "/assets/underscore.js?body=1" for 127.0.0.1 at 2014-05-10 16:09:21 +0300


Started GET "/assets/jquery_ujs.js?body=1" for 127.0.0.1 at 2014-05-10 16:09:21 +0300


Started GET "/assets/lib/backbone-min.js?body=1" for 127.0.0.1 at 2014-05-10 16:09:21 +0300


Started GET "/assets/turbolinks.js?body=1" for 127.0.0.1 at 2014-05-10 16:09:21 +0300


Started GET "/assets/lib/html2canvas.js?body=1" for 127.0.0.1 at 2014-05-10 16:09:21 +0300


Started GET "/assets/application.js?body=1" for 127.0.0.1 at 2014-05-10 16:09:21 +0300


Started GET "/assets/feedbacks.js?body=1" for 127.0.0.1 at 2014-05-10 16:09:21 +0300


Started GET "/feedbacks" for 127.0.0.1 at 2014-05-10 16:09:50 +0300
Processing by FeedbacksController#index as HTML
  [1m[36mFeedback Load (0.1ms)[0m  [1mSELECT "feedbacks".* FROM "feedbacks"[0m
  Rendered feedbacks/index.html.erb within layouts/application (1.0ms)
Completed 200 OK in 216ms (Views: 215.7ms | ActiveRecord: 0.1ms)


Started GET "/assets/scaffolds.css?body=1" for 127.0.0.1 at 2014-05-10 16:09:50 +0300


Started GET "/assets/turbolinks.js?body=1" for 127.0.0.1 at 2014-05-10 16:09:50 +0300


Started GET "/assets/underscore.js?body=1" for 127.0.0.1 at 2014-05-10 16:09:50 +0300


Started GET "/assets/application.css?body=1" for 127.0.0.1 at 2014-05-10 16:09:50 +0300


Started GET "/assets/jquery.js?body=1" for 127.0.0.1 at 2014-05-10 16:09:50 +0300


Started GET "/assets/feedbacks.css?body=1" for 127.0.0.1 at 2014-05-10 16:09:50 +0300


Started GET "/assets/jquery_ujs.js?body=1" for 127.0.0.1 at 2014-05-10 16:09:50 +0300


Started GET "/assets/lib/backbone-min.js?body=1" for 127.0.0.1 at 2014-05-10 16:09:50 +0300


Started GET "/assets/lib/html2canvas.js?body=1" for 127.0.0.1 at 2014-05-10 16:09:50 +0300


Started GET "/assets/feedbacks.js?body=1" for 127.0.0.1 at 2014-05-10 16:09:50 +0300


Started GET "/assets/application.js?body=1" for 127.0.0.1 at 2014-05-10 16:09:50 +0300


Started DELETE "/feedbacks/2" for 127.0.0.1 at 2014-05-10 16:10:27 +0300
Processing by FeedbacksController#destroy as HTML
  Parameters: {"authenticity_token"=>"yEDj21rtXJ6qaPAcZ5ukb4PsOGK+uH3PGbw5+86rJfM=", "id"=>"2"}
  [1m[35mFeedback Load (0.1ms)[0m  SELECT  "feedbacks".* FROM "feedbacks"  WHERE "feedbacks"."id" = ? LIMIT 1  [["id", 2]]
  [1m[36m (0.1ms)[0m  [1mbegin transaction[0m
  [1m[35mSQL (0.6ms)[0m  DELETE FROM "feedbacks" WHERE "feedbacks"."id" = ?  [["id", 2]]
  [1m[36m (1.9ms)[0m  [1mcommit transaction[0m
Redirected to http://localhost:3000/feedbacks
Completed 302 Found in 11ms (ActiveRecord: 2.7ms)


Started GET "/feedbacks" for 127.0.0.1 at 2014-05-10 16:10:27 +0300
Processing by FeedbacksController#index as HTML
  [1m[35mFeedback Load (0.1ms)[0m  SELECT "feedbacks".* FROM "feedbacks"
  Rendered feedbacks/index.html.erb within layouts/application (0.7ms)
Completed 200 OK in 21ms (Views: 19.2ms | ActiveRecord: 0.1ms)


Started GET "/assets/feedbacks.css?body=1" for 127.0.0.1 at 2014-05-10 16:10:27 +0300


Started GET "/assets/scaffolds.css?body=1" for 127.0.0.1 at 2014-05-10 16:10:27 +0300


Started GET "/assets/lib/backbone-min.js?body=1" for 127.0.0.1 at 2014-05-10 16:10:27 +0300


Started GET "/assets/jquery_ujs.js?body=1" for 127.0.0.1 at 2014-05-10 16:10:27 +0300


Started GET "/assets/jquery.js?body=1" for 127.0.0.1 at 2014-05-10 16:10:27 +0300


Started GET "/assets/turbolinks.js?body=1" for 127.0.0.1 at 2014-05-10 16:10:27 +0300


Started GET "/assets/application.js?body=1" for 127.0.0.1 at 2014-05-10 16:10:27 +0300


Started GET "/assets/application.css?body=1" for 127.0.0.1 at 2014-05-10 16:10:27 +0300


Started GET "/assets/feedbacks.js?body=1" for 127.0.0.1 at 2014-05-10 16:10:27 +0300


Started GET "/assets/lib/html2canvas.js?body=1" for 127.0.0.1 at 2014-05-10 16:10:27 +0300


Started GET "/assets/underscore.js?body=1" for 127.0.0.1 at 2014-05-10 16:10:27 +0300


Started GET "/feedbacks" for 127.0.0.1 at 2014-05-10 16:11:18 +0300
Processing by FeedbacksController#index as HTML
  [1m[36mFeedback Load (0.1ms)[0m  [1mSELECT "feedbacks".* FROM "feedbacks"[0m
  Rendered feedbacks/index.html.erb within layouts/application (0.6ms)
Completed 500 Internal Server Error in 24ms

ActionView::Template::Error (couldn't find file 'html2canvas'
  (in /Users/stenver/ruby/sm_test_app/app/assets/javascripts/application.js:17)):
    3: <head>
    4:   <title>SmTestApp</title>
    5:   <%= stylesheet_link_tag    'application', media: 'all', 'data-turbolinks-track' => true %>
    6:   <%= javascript_include_tag 'application', 'data-turbolinks-track' => true %>
    7:   <%= csrf_meta_tags %>
    8: </head>
    9: <body>
  app/views/layouts/application.html.erb:6:in `_app_views_layouts_application_html_erb___4609485301947839297_2176185740'


  Rendered /Users/stenver/.rvm/gems/ruby-2.1.0/gems/actionpack-4.1.0/lib/action_dispatch/middleware/templates/rescues/_trace.html.erb (1.4ms)
  Rendered /Users/stenver/.rvm/gems/ruby-2.1.0/gems/actionpack-4.1.0/lib/action_dispatch/middleware/templates/rescues/_request_and_response.html.erb (0.9ms)
  Rendered /Users/stenver/.rvm/gems/ruby-2.1.0/gems/actionpack-4.1.0/lib/action_dispatch/middleware/templates/rescues/template_error.html.erb within rescues/layout (11.1ms)


Started GET "/feedbacks" for 127.0.0.1 at 2014-05-10 16:11:32 +0300
Processing by FeedbacksController#index as HTML
  [1m[35mFeedback Load (0.1ms)[0m  SELECT "feedbacks".* FROM "feedbacks"
  Rendered feedbacks/index.html.erb within layouts/application (0.6ms)
Completed 500 Internal Server Error in 21ms

ActionView::Template::Error (couldn't find file 'html2canvas'
  (in /Users/stenver/ruby/sm_test_app/app/assets/javascripts/application.js:17)):
    3: <head>
    4:   <title>SmTestApp</title>
    5:   <%= stylesheet_link_tag    'application', media: 'all', 'data-turbolinks-track' => true %>
    6:   <%= javascript_include_tag 'application', 'data-turbolinks-track' => true %>
    7:   <%= csrf_meta_tags %>
    8: </head>
    9: <body>
  app/views/layouts/application.html.erb:6:in `_app_views_layouts_application_html_erb___4609485301947839297_2176185740'


  Rendered /Users/stenver/.rvm/gems/ruby-2.1.0/gems/actionpack-4.1.0/lib/action_dispatch/middleware/templates/rescues/_trace.html.erb (1.8ms)
  Rendered /Users/stenver/.rvm/gems/ruby-2.1.0/gems/actionpack-4.1.0/lib/action_dispatch/middleware/templates/rescues/_request_and_response.html.erb (2.5ms)
  Rendered /Users/stenver/.rvm/gems/ruby-2.1.0/gems/actionpack-4.1.0/lib/action_dispatch/middleware/templates/rescues/template_error.html.erb within rescues/layout (14.3ms)


Started GET "/feedbacks" for 127.0.0.1 at 2014-05-10 16:11:40 +0300
Processing by FeedbacksController#index as HTML
  [1m[36mFeedback Load (0.1ms)[0m  [1mSELECT "feedbacks".* FROM "feedbacks"[0m
  Rendered feedbacks/index.html.erb within layouts/application (0.6ms)
Completed 200 OK in 62ms (Views: 61.5ms | ActiveRecord: 0.1ms)


Started GET "/assets/scaffolds.css?body=1" for 127.0.0.1 at 2014-05-10 16:11:40 +0300


Started GET "/assets/application.css?body=1" for 127.0.0.1 at 2014-05-10 16:11:40 +0300


Started GET "/assets/jquery.js?body=1" for 127.0.0.1 at 2014-05-10 16:11:40 +0300


Started GET "/assets/jquery_ujs.js?body=1" for 127.0.0.1 at 2014-05-10 16:11:40 +0300


Started GET "/assets/turbolinks.js?body=1" for 127.0.0.1 at 2014-05-10 16:11:40 +0300


Started GET "/assets/underscore.js?body=1" for 127.0.0.1 at 2014-05-10 16:11:40 +0300


Started GET "/assets/feedbacks.css?body=1" for 127.0.0.1 at 2014-05-10 16:11:40 +0300


Started GET "/assets/lib/html2canvas.js?body=1" for 127.0.0.1 at 2014-05-10 16:11:40 +0300


Started GET "/assets/lib/backbone-min.js?body=1" for 127.0.0.1 at 2014-05-10 16:11:40 +0300


Started GET "/assets/application.js?body=1" for 127.0.0.1 at 2014-05-10 16:11:40 +0300


Started GET "/assets/feedbacks.js?body=1" for 127.0.0.1 at 2014-05-10 16:11:40 +0300


Started GET "/feedbacks" for 127.0.0.1 at 2014-05-10 16:12:45 +0300
Processing by FeedbacksController#index as HTML
  [1m[35mFeedback Load (0.2ms)[0m  SELECT "feedbacks".* FROM "feedbacks"
  Rendered feedbacks/index.html.erb within layouts/application (1.2ms)
Completed 200 OK in 8ms (Views: 7.1ms | ActiveRecord: 0.2ms)


Started GET "/assets/turbolinks.js?body=1" for 127.0.0.1 at 2014-05-10 16:12:45 +0300


Started GET "/assets/underscore.js?body=1" for 127.0.0.1 at 2014-05-10 16:12:45 +0300


Started GET "/assets/application.css?body=1" for 127.0.0.1 at 2014-05-10 16:12:45 +0300


Started GET "/assets/jquery.js?body=1" for 127.0.0.1 at 2014-05-10 16:12:45 +0300


Started GET "/assets/jquery_ujs.js?body=1" for 127.0.0.1 at 2014-05-10 16:12:45 +0300


Started GET "/assets/scaffolds.css?body=1" for 127.0.0.1 at 2014-05-10 16:12:45 +0300


Started GET "/assets/lib/html2canvas.js?body=1" for 127.0.0.1 at 2014-05-10 16:12:45 +0300


Started GET "/assets/lib/backbone-min.js?body=1" for 127.0.0.1 at 2014-05-10 16:12:45 +0300


Started GET "/assets/feedbacks.css?body=1" for 127.0.0.1 at 2014-05-10 16:12:45 +0300


Started GET "/assets/application.js?body=1" for 127.0.0.1 at 2014-05-10 16:12:45 +0300


Started GET "/assets/feedbacks.js?body=1" for 127.0.0.1 at 2014-05-10 16:12:45 +0300


Started GET "/feedbacks" for 127.0.0.1 at 2014-05-10 16:14:57 +0300
Processing by FeedbacksController#index as HTML
  [1m[36mFeedback Load (0.1ms)[0m  [1mSELECT "feedbacks".* FROM "feedbacks"[0m
  Rendered feedbacks/index.html.erb within layouts/application (0.8ms)
Completed 200 OK in 38ms (Views: 37.2ms | ActiveRecord: 0.1ms)


Started GET "/assets/application.css?body=1" for 127.0.0.1 at 2014-05-10 16:14:57 +0300


Started GET "/assets/scaffolds.css?body=1" for 127.0.0.1 at 2014-05-10 16:14:57 +0300


Started GET "/assets/turbolinks.js?body=1" for 127.0.0.1 at 2014-05-10 16:14:57 +0300


Started GET "/assets/feedbacks.css?body=1" for 127.0.0.1 at 2014-05-10 16:14:57 +0300


Started GET "/assets/jquery_ujs.js?body=1" for 127.0.0.1 at 2014-05-10 16:14:57 +0300


Started GET "/assets/jquery.js?body=1" for 127.0.0.1 at 2014-05-10 16:14:57 +0300


Started GET "/assets/underscore.js?body=1" for 127.0.0.1 at 2014-05-10 16:14:57 +0300


Started GET "/assets/lib/html2canvas.js?body=1" for 127.0.0.1 at 2014-05-10 16:14:57 +0300


Started GET "/assets/lib/backbone-min.js?body=1" for 127.0.0.1 at 2014-05-10 16:14:57 +0300


Started GET "/assets/feedbacks.js?body=1" for 127.0.0.1 at 2014-05-10 16:14:57 +0300


Started GET "/assets/application.js?body=1" for 127.0.0.1 at 2014-05-10 16:14:57 +0300


Started GET "/feedbacks" for 127.0.0.1 at 2014-05-10 16:17:48 +0300
Processing by FeedbacksController#index as HTML
  [1m[35mFeedback Load (0.1ms)[0m  SELECT "feedbacks".* FROM "feedbacks"
  Rendered feedbacks/index.html.erb within layouts/application (0.8ms)
Completed 200 OK in 335ms (Views: 333.7ms | ActiveRecord: 0.1ms)


Started GET "/assets/scaffolds.css?body=1" for 127.0.0.1 at 2014-05-10 16:17:48 +0300


Started GET "/assets/application.css?body=1" for 127.0.0.1 at 2014-05-10 16:17:48 +0300


Started GET "/assets/jquery_ujs.js?body=1" for 127.0.0.1 at 2014-05-10 16:17:48 +0300


Started GET "/assets/underscore.js?body=1" for 127.0.0.1 at 2014-05-10 16:17:48 +0300


Started GET "/assets/jquery.js?body=1" for 127.0.0.1 at 2014-05-10 16:17:48 +0300


Started GET "/assets/lib/html2canvas.js?body=1" for 127.0.0.1 at 2014-05-10 16:17:48 +0300


Started GET "/assets/application.js?body=1" for 127.0.0.1 at 2014-05-10 16:17:48 +0300


Started GET "/assets/turbolinks.js?body=1" for 127.0.0.1 at 2014-05-10 16:17:48 +0300


Started GET "/assets/lib/backbone-min.js?body=1" for 127.0.0.1 at 2014-05-10 16:17:48 +0300


Started GET "/assets/feedbacks.js?body=1" for 127.0.0.1 at 2014-05-10 16:17:48 +0300


Started GET "/assets/feedbacks.css?body=1" for 127.0.0.1 at 2014-05-10 16:17:48 +0300


Started GET "/feedbacks" for 127.0.0.1 at 2014-05-10 16:18:59 +0300
Processing by FeedbacksController#index as HTML
  [1m[36mFeedback Load (0.2ms)[0m  [1mSELECT "feedbacks".* FROM "feedbacks"[0m
  Rendered feedbacks/index.html.erb within layouts/application (1.2ms)
Completed 200 OK in 8ms (Views: 7.2ms | ActiveRecord: 0.2ms)


Started GET "/assets/scaffolds.css?body=1" for 127.0.0.1 at 2014-05-10 16:18:59 +0300


Started GET "/assets/jquery.js?body=1" for 127.0.0.1 at 2014-05-10 16:18:59 +0300


Started GET "/assets/turbolinks.js?body=1" for 127.0.0.1 at 2014-05-10 16:18:59 +0300


Started GET "/assets/application.css?body=1" for 127.0.0.1 at 2014-05-10 16:18:59 +0300


Started GET "/assets/jquery_ujs.js?body=1" for 127.0.0.1 at 2014-05-10 16:18:59 +0300


Started GET "/assets/feedbacks.css?body=1" for 127.0.0.1 at 2014-05-10 16:18:59 +0300


Started GET "/assets/underscore.js?body=1" for 127.0.0.1 at 2014-05-10 16:18:59 +0300


Started GET "/assets/lib/html2canvas.js?body=1" for 127.0.0.1 at 2014-05-10 16:18:59 +0300


Started GET "/assets/feedbacks.js?body=1" for 127.0.0.1 at 2014-05-10 16:18:59 +0300


Started GET "/assets/application.js?body=1" for 127.0.0.1 at 2014-05-10 16:18:59 +0300


Started GET "/assets/lib/backbone-min.js?body=1" for 127.0.0.1 at 2014-05-10 16:18:59 +0300


Started GET "/feedbacks" for 127.0.0.1 at 2014-05-10 16:19:33 +0300
Processing by FeedbacksController#index as HTML
  [1m[35mFeedback Load (0.1ms)[0m  SELECT "feedbacks".* FROM "feedbacks"
  Rendered feedbacks/index.html.erb within layouts/application (0.6ms)
Completed 200 OK in 225ms (Views: 223.7ms | ActiveRecord: 0.1ms)


Started GET "/assets/feedbacks.css?body=1" for 127.0.0.1 at 2014-05-10 16:19:33 +0300


Started GET "/assets/application.css?body=1" for 127.0.0.1 at 2014-05-10 16:19:33 +0300


Started GET "/assets/lib/html2canvas.js?body=1" for 127.0.0.1 at 2014-05-10 16:19:33 +0300


Started GET "/assets/scaffolds.css?body=1" for 127.0.0.1 at 2014-05-10 16:19:34 +0300


Started GET "/assets/turbolinks.js?body=1" for 127.0.0.1 at 2014-05-10 16:19:34 +0300


Started GET "/assets/jquery.js?body=1" for 127.0.0.1 at 2014-05-10 16:19:34 +0300


Started GET "/assets/jquery_ujs.js?body=1" for 127.0.0.1 at 2014-05-10 16:19:34 +0300


Started GET "/assets/lib/backbone-min.js?body=1" for 127.0.0.1 at 2014-05-10 16:19:34 +0300


Started GET "/assets/feedbacks.js?body=1" for 127.0.0.1 at 2014-05-10 16:19:34 +0300


Started GET "/assets/application.js?body=1" for 127.0.0.1 at 2014-05-10 16:19:34 +0300


Started GET "/assets/underscore.js?body=1" for 127.0.0.1 at 2014-05-10 16:19:34 +0300


Started GET "/feedbacks" for 127.0.0.1 at 2014-05-10 16:20:09 +0300
Processing by FeedbacksController#index as HTML
  [1m[36mFeedback Load (0.2ms)[0m  [1mSELECT "feedbacks".* FROM "feedbacks"[0m
  Rendered feedbacks/index.html.erb within layouts/application (1.1ms)
Completed 200 OK in 228ms (Views: 225.9ms | ActiveRecord: 0.2ms)


Started GET "/assets/scaffolds.css?body=1" for 127.0.0.1 at 2014-05-10 16:20:09 +0300


Started GET "/assets/jquery.js?body=1" for 127.0.0.1 at 2014-05-10 16:20:09 +0300


Started GET "/assets/application.css?body=1" for 127.0.0.1 at 2014-05-10 16:20:09 +0300


Started GET "/assets/feedbacks.css?body=1" for 127.0.0.1 at 2014-05-10 16:20:09 +0300


Started GET "/assets/turbolinks.js?body=1" for 127.0.0.1 at 2014-05-10 16:20:09 +0300


Started GET "/assets/jquery_ujs.js?body=1" for 127.0.0.1 at 2014-05-10 16:20:09 +0300


Started GET "/assets/lib/html2canvas.js?body=1" for 127.0.0.1 at 2014-05-10 16:20:09 +0300


Started GET "/assets/underscore.js?body=1" for 127.0.0.1 at 2014-05-10 16:20:09 +0300


Started GET "/assets/lib/backbone-min.js?body=1" for 127.0.0.1 at 2014-05-10 16:20:09 +0300


Started GET "/assets/feedbacks.js?body=1" for 127.0.0.1 at 2014-05-10 16:20:09 +0300


Started GET "/assets/application.js?body=1" for 127.0.0.1 at 2014-05-10 16:20:09 +0300


Started GET "/feedbacks" for 127.0.0.1 at 2014-05-10 16:20:20 +0300
Processing by FeedbacksController#index as HTML
  [1m[35mFeedback Load (0.1ms)[0m  SELECT "feedbacks".* FROM "feedbacks"
  Rendered feedbacks/index.html.erb within layouts/application (0.7ms)
Completed 200 OK in 226ms (Views: 225.0ms | ActiveRecord: 0.1ms)


Started GET "/assets/feedbacks.css?body=1" for 127.0.0.1 at 2014-05-10 16:20:21 +0300


Started GET "/assets/scaffolds.css?body=1" for 127.0.0.1 at 2014-05-10 16:20:21 +0300


Started GET "/assets/application.css?body=1" for 127.0.0.1 at 2014-05-10 16:20:21 +0300


Started GET "/assets/jquery.js?body=1" for 127.0.0.1 at 2014-05-10 16:20:21 +0300


Started GET "/assets/jquery_ujs.js?body=1" for 127.0.0.1 at 2014-05-10 16:20:21 +0300


Started GET "/assets/turbolinks.js?body=1" for 127.0.0.1 at 2014-05-10 16:20:21 +0300


Started GET "/assets/underscore.js?body=1" for 127.0.0.1 at 2014-05-10 16:20:21 +0300


Started GET "/assets/lib/html2canvas.js?body=1" for 127.0.0.1 at 2014-05-10 16:20:21 +0300


Started GET "/assets/lib/backbone-min.js?body=1" for 127.0.0.1 at 2014-05-10 16:20:21 +0300


Started GET "/assets/feedbacks.js?body=1" for 127.0.0.1 at 2014-05-10 16:20:21 +0300


Started GET "/assets/application.js?body=1" for 127.0.0.1 at 2014-05-10 16:20:21 +0300


Started GET "/feedbacks" for 127.0.0.1 at 2014-05-10 16:21:54 +0300
Processing by FeedbacksController#index as HTML
  [1m[36mFeedback Load (0.2ms)[0m  [1mSELECT "feedbacks".* FROM "feedbacks"[0m
  Rendered feedbacks/index.html.erb within layouts/application (0.9ms)
Completed 200 OK in 231ms (Views: 229.6ms | ActiveRecord: 0.2ms)


Started GET "/assets/scaffolds.css?body=1" for 127.0.0.1 at 2014-05-10 16:21:55 +0300


Started GET "/assets/jquery.js?body=1" for 127.0.0.1 at 2014-05-10 16:21:55 +0300


Started GET "/assets/application.css?body=1" for 127.0.0.1 at 2014-05-10 16:21:55 +0300


Started GET "/assets/jquery_ujs.js?body=1" for 127.0.0.1 at 2014-05-10 16:21:55 +0300


Started GET "/assets/feedbacks.css?body=1" for 127.0.0.1 at 2014-05-10 16:21:55 +0300


Started GET "/assets/underscore.js?body=1" for 127.0.0.1 at 2014-05-10 16:21:55 +0300


Started GET "/assets/turbolinks.js?body=1" for 127.0.0.1 at 2014-05-10 16:21:55 +0300


Started GET "/assets/lib/html2canvas.js?body=1" for 127.0.0.1 at 2014-05-10 16:21:55 +0300


Started GET "/assets/lib/backbone-min.js?body=1" for 127.0.0.1 at 2014-05-10 16:21:55 +0300


Started GET "/assets/feedbacks.js?body=1" for 127.0.0.1 at 2014-05-10 16:21:55 +0300


Started GET "/assets/application.js?body=1" for 127.0.0.1 at 2014-05-10 16:21:55 +0300


Started GET "/feedbacks" for 127.0.0.1 at 2014-05-10 16:22:04 +0300
Processing by FeedbacksController#index as HTML
  [1m[35mFeedback Load (0.1ms)[0m  SELECT "feedbacks".* FROM "feedbacks"
  Rendered feedbacks/index.html.erb within layouts/application (0.7ms)
Completed 200 OK in 221ms (Views: 220.4ms | ActiveRecord: 0.1ms)


Started GET "/assets/application.css?body=1" for 127.0.0.1 at 2014-05-10 16:22:04 +0300


Started GET "/assets/jquery_ujs.js?body=1" for 127.0.0.1 at 2014-05-10 16:22:04 +0300


Started GET "/assets/lib/html2canvas.js?body=1" for 127.0.0.1 at 2014-05-10 16:22:04 +0300


Started GET "/assets/scaffolds.css?body=1" for 127.0.0.1 at 2014-05-10 16:22:04 +0300


Started GET "/assets/turbolinks.js?body=1" for 127.0.0.1 at 2014-05-10 16:22:04 +0300


Started GET "/assets/underscore.js?body=1" for 127.0.0.1 at 2014-05-10 16:22:04 +0300


Started GET "/assets/jquery.js?body=1" for 127.0.0.1 at 2014-05-10 16:22:04 +0300


Started GET "/assets/lib/backbone-min.js?body=1" for 127.0.0.1 at 2014-05-10 16:22:04 +0300


Started GET "/assets/feedbacks.js?body=1" for 127.0.0.1 at 2014-05-10 16:22:04 +0300


Started GET "/assets/application.js?body=1" for 127.0.0.1 at 2014-05-10 16:22:04 +0300


Started GET "/assets/feedbacks.css?body=1" for 127.0.0.1 at 2014-05-10 16:22:04 +0300


Started GET "/feedbacks" for 127.0.0.1 at 2014-05-10 16:24:28 +0300
Processing by FeedbacksController#index as HTML
  [1m[36mFeedback Load (0.2ms)[0m  [1mSELECT "feedbacks".* FROM "feedbacks"[0m
  Rendered feedbacks/index.html.erb within layouts/application (1.3ms)
Completed 200 OK in 238ms (Views: 237.1ms | ActiveRecord: 0.2ms)


Started GET "/assets/application.css?body=1" for 127.0.0.1 at 2014-05-10 16:24:28 +0300


Started GET "/assets/scaffolds.css?body=1" for 127.0.0.1 at 2014-05-10 16:24:28 +0300


Started GET "/assets/jquery.js?body=1" for 127.0.0.1 at 2014-05-10 16:24:28 +0300


Started GET "/assets/jquery_ujs.js?body=1" for 127.0.0.1 at 2014-05-10 16:24:28 +0300


Started GET "/assets/turbolinks.js?body=1" for 127.0.0.1 at 2014-05-10 16:24:28 +0300


Started GET "/assets/feedbacks.css?body=1" for 127.0.0.1 at 2014-05-10 16:24:28 +0300


Started GET "/assets/underscore.js?body=1" for 127.0.0.1 at 2014-05-10 16:24:28 +0300


Started GET "/assets/lib/html2canvas.js?body=1" for 127.0.0.1 at 2014-05-10 16:24:28 +0300


Started GET "/assets/lib/backbone-min.js?body=1" for 127.0.0.1 at 2014-05-10 16:24:28 +0300


Started GET "/assets/feedbacks.js?body=1" for 127.0.0.1 at 2014-05-10 16:24:28 +0300


Started GET "/assets/application.js?body=1" for 127.0.0.1 at 2014-05-10 16:24:28 +0300


Started GET "/feedbacks" for 127.0.0.1 at 2014-05-10 16:24:49 +0300
Processing by FeedbacksController#index as HTML
  [1m[35mFeedback Load (0.1ms)[0m  SELECT "feedbacks".* FROM "feedbacks"
  Rendered feedbacks/index.html.erb within layouts/application (0.7ms)
Completed 200 OK in 231ms (Views: 229.8ms | ActiveRecord: 0.1ms)


Started GET "/assets/scaffolds.css?body=1" for 127.0.0.1 at 2014-05-10 16:24:50 +0300


Started GET "/assets/application.css?body=1" for 127.0.0.1 at 2014-05-10 16:24:50 +0300


Started GET "/assets/feedbacks.css?body=1" for 127.0.0.1 at 2014-05-10 16:24:50 +0300


Started GET "/assets/jquery.js?body=1" for 127.0.0.1 at 2014-05-10 16:24:50 +0300


Started GET "/assets/turbolinks.js?body=1" for 127.0.0.1 at 2014-05-10 16:24:50 +0300


Started GET "/assets/jquery_ujs.js?body=1" for 127.0.0.1 at 2014-05-10 16:24:50 +0300


Started GET "/assets/underscore.js?body=1" for 127.0.0.1 at 2014-05-10 16:24:50 +0300


Started GET "/assets/lib/html2canvas.js?body=1" for 127.0.0.1 at 2014-05-10 16:24:50 +0300


Started GET "/assets/feedbacks.js?body=1" for 127.0.0.1 at 2014-05-10 16:24:50 +0300


Started GET "/assets/application.js?body=1" for 127.0.0.1 at 2014-05-10 16:24:50 +0300


Started GET "/assets/lib/backbone-min.js?body=1" for 127.0.0.1 at 2014-05-10 16:24:50 +0300


Started GET "/feedbacks" for 127.0.0.1 at 2014-05-10 16:25:03 +0300
Processing by FeedbacksController#index as HTML
  [1m[36mFeedback Load (0.2ms)[0m  [1mSELECT "feedbacks".* FROM "feedbacks"[0m
  Rendered feedbacks/index.html.erb within layouts/application (0.7ms)
Completed 200 OK in 227ms (Views: 225.7ms | ActiveRecord: 0.2ms)


Started GET "/assets/jquery_ujs.js?body=1" for 127.0.0.1 at 2014-05-10 16:25:03 +0300


Started GET "/assets/scaffolds.css?body=1" for 127.0.0.1 at 2014-05-10 16:25:03 +0300


Started GET "/assets/jquery.js?body=1" for 127.0.0.1 at 2014-05-10 16:25:03 +0300


Started GET "/assets/application.css?body=1" for 127.0.0.1 at 2014-05-10 16:25:03 +0300


Started GET "/assets/underscore.js?body=1" for 127.0.0.1 at 2014-05-10 16:25:03 +0300


Started GET "/assets/feedbacks.css?body=1" for 127.0.0.1 at 2014-05-10 16:25:03 +0300


Started GET "/assets/turbolinks.js?body=1" for 127.0.0.1 at 2014-05-10 16:25:03 +0300


Started GET "/assets/lib/html2canvas.js?body=1" for 127.0.0.1 at 2014-05-10 16:25:03 +0300


Started GET "/assets/lib/backbone-min.js?body=1" for 127.0.0.1 at 2014-05-10 16:25:03 +0300


Started GET "/assets/feedbacks.js?body=1" for 127.0.0.1 at 2014-05-10 16:25:03 +0300


Started GET "/assets/application.js?body=1" for 127.0.0.1 at 2014-05-10 16:25:03 +0300


Started GET "/feedbacks" for 127.0.0.1 at 2014-05-10 16:25:34 +0300
Processing by FeedbacksController#index as HTML
  [1m[35mFeedback Load (0.1ms)[0m  SELECT "feedbacks".* FROM "feedbacks"
  Rendered feedbacks/index.html.erb within layouts/application (0.7ms)
Completed 200 OK in 222ms (Views: 220.6ms | ActiveRecord: 0.1ms)


Started GET "/assets/feedbacks.css?body=1" for 127.0.0.1 at 2014-05-10 16:25:34 +0300


Started GET "/assets/scaffolds.css?body=1" for 127.0.0.1 at 2014-05-10 16:25:34 +0300


Started GET "/assets/turbolinks.js?body=1" for 127.0.0.1 at 2014-05-10 16:25:34 +0300


Started GET "/assets/lib/html2canvas.js?body=1" for 127.0.0.1 at 2014-05-10 16:25:34 +0300


Started GET "/assets/lib/backbone-min.js?body=1" for 127.0.0.1 at 2014-05-10 16:25:34 +0300


Started GET "/assets/feedbacks.js?body=1" for 127.0.0.1 at 2014-05-10 16:25:34 +0300


Started GET "/assets/application.css?body=1" for 127.0.0.1 at 2014-05-10 16:25:34 +0300


Started GET "/assets/jquery.js?body=1" for 127.0.0.1 at 2014-05-10 16:25:35 +0300


Started GET "/assets/underscore.js?body=1" for 127.0.0.1 at 2014-05-10 16:25:35 +0300


Started GET "/assets/application.js?body=1" for 127.0.0.1 at 2014-05-10 16:25:35 +0300


Started GET "/assets/jquery_ujs.js?body=1" for 127.0.0.1 at 2014-05-10 16:25:35 +0300


Started GET "/feedbacks" for 127.0.0.1 at 2014-05-10 16:29:09 +0300
Processing by FeedbacksController#index as HTML
  [1m[36mFeedback Load (0.1ms)[0m  [1mSELECT "feedbacks".* FROM "feedbacks"[0m
  Rendered feedbacks/index.html.erb within layouts/application (0.8ms)
Completed 200 OK in 202ms (Views: 200.7ms | ActiveRecord: 0.1ms)


Started GET "/assets/scaffolds.css?body=1" for 127.0.0.1 at 2014-05-10 16:29:10 +0300


Started GET "/assets/application.css?body=1" for 127.0.0.1 at 2014-05-10 16:29:10 +0300


Started GET "/assets/feedbacks.css?body=1" for 127.0.0.1 at 2014-05-10 16:29:10 +0300


Started GET "/assets/jquery.js?body=1" for 127.0.0.1 at 2014-05-10 16:29:10 +0300


Started GET "/assets/turbolinks.js?body=1" for 127.0.0.1 at 2014-05-10 16:29:10 +0300


Started GET "/assets/underscore.js?body=1" for 127.0.0.1 at 2014-05-10 16:29:10 +0300


Started GET "/assets/jquery_ujs.js?body=1" for 127.0.0.1 at 2014-05-10 16:29:10 +0300


Started GET "/assets/lib/html2canvas.js?body=1" for 127.0.0.1 at 2014-05-10 16:29:10 +0300


Started GET "/assets/feedbacks.js?body=1" for 127.0.0.1 at 2014-05-10 16:29:10 +0300


Started GET "/assets/application.js?body=1" for 127.0.0.1 at 2014-05-10 16:29:10 +0300


Started GET "/assets/lib/backbone-min.js?body=1" for 127.0.0.1 at 2014-05-10 16:29:10 +0300


Started GET "/feedbacks" for 127.0.0.1 at 2014-05-10 16:29:35 +0300
Processing by FeedbacksController#index as HTML
  [1m[35mFeedback Load (0.1ms)[0m  SELECT "feedbacks".* FROM "feedbacks"
  Rendered feedbacks/index.html.erb within layouts/application (0.8ms)
Completed 200 OK in 220ms (Views: 218.9ms | ActiveRecord: 0.1ms)


Started GET "/assets/feedbacks.css?body=1" for 127.0.0.1 at 2014-05-10 16:29:35 +0300


Started GET "/assets/scaffolds.css?body=1" for 127.0.0.1 at 2014-05-10 16:29:35 +0300


Started GET "/assets/jquery.js?body=1" for 127.0.0.1 at 2014-05-10 16:29:35 +0300


Started GET "/assets/turbolinks.js?body=1" for 127.0.0.1 at 2014-05-10 16:29:35 +0300


Started GET "/assets/underscore.js?body=1" for 127.0.0.1 at 2014-05-10 16:29:35 +0300


Started GET "/assets/lib/backbone-min.js?body=1" for 127.0.0.1 at 2014-05-10 16:29:35 +0300


Started GET "/assets/lib/html2canvas.js?body=1" for 127.0.0.1 at 2014-05-10 16:29:35 +0300


Started GET "/assets/feedbacks.js?body=1" for 127.0.0.1 at 2014-05-10 16:29:35 +0300


Started GET "/assets/jquery_ujs.js?body=1" for 127.0.0.1 at 2014-05-10 16:29:35 +0300


Started GET "/assets/application.css?body=1" for 127.0.0.1 at 2014-05-10 16:29:35 +0300


Started GET "/assets/application.js?body=1" for 127.0.0.1 at 2014-05-10 16:29:35 +0300


Started GET "/feedbacks" for 127.0.0.1 at 2014-05-10 16:29:43 +0300
Processing by FeedbacksController#index as HTML
  [1m[36mFeedback Load (0.1ms)[0m  [1mSELECT "feedbacks".* FROM "feedbacks"[0m
  Rendered feedbacks/index.html.erb within layouts/application (0.7ms)
Completed 200 OK in 7ms (Views: 5.7ms | ActiveRecord: 0.1ms)


Started GET "/assets/scaffolds.css?body=1" for 127.0.0.1 at 2014-05-10 16:29:43 +0300


Started GET "/assets/underscore.js?body=1" for 127.0.0.1 at 2014-05-10 16:29:43 +0300


Started GET "/assets/jquery_ujs.js?body=1" for 127.0.0.1 at 2014-05-10 16:29:43 +0300


Started GET "/assets/feedbacks.css?body=1" for 127.0.0.1 at 2014-05-10 16:29:43 +0300


Started GET "/assets/jquery.js?body=1" for 127.0.0.1 at 2014-05-10 16:29:43 +0300


Started GET "/assets/turbolinks.js?body=1" for 127.0.0.1 at 2014-05-10 16:29:43 +0300


Started GET "/assets/application.css?body=1" for 127.0.0.1 at 2014-05-10 16:29:43 +0300


Started GET "/assets/lib/html2canvas.js?body=1" for 127.0.0.1 at 2014-05-10 16:29:43 +0300


Started GET "/assets/lib/backbone-min.js?body=1" for 127.0.0.1 at 2014-05-10 16:29:43 +0300


Started GET "/assets/feedbacks.js?body=1" for 127.0.0.1 at 2014-05-10 16:29:43 +0300


Started GET "/assets/application.js?body=1" for 127.0.0.1 at 2014-05-10 16:29:43 +0300


Started GET "/feedbacks" for 127.0.0.1 at 2014-05-10 16:31:06 +0300
Processing by FeedbacksController#index as HTML
  [1m[35mFeedback Load (0.1ms)[0m  SELECT "feedbacks".* FROM "feedbacks"
  Rendered feedbacks/index.html.erb within layouts/application (0.7ms)
Completed 200 OK in 222ms (Views: 220.9ms | ActiveRecord: 0.1ms)


Started GET "/assets/feedbacks.css?body=1" for 127.0.0.1 at 2014-05-10 16:31:06 +0300


Started GET "/assets/application.css?body=1" for 127.0.0.1 at 2014-05-10 16:31:06 +0300


Started GET "/assets/scaffolds.css?body=1" for 127.0.0.1 at 2014-05-10 16:31:06 +0300


Started GET "/assets/jquery_ujs.js?body=1" for 127.0.0.1 at 2014-05-10 16:31:06 +0300


Started GET "/assets/jquery.js?body=1" for 127.0.0.1 at 2014-05-10 16:31:06 +0300


Started GET "/assets/turbolinks.js?body=1" for 127.0.0.1 at 2014-05-10 16:31:06 +0300


Started GET "/assets/underscore.js?body=1" for 127.0.0.1 at 2014-05-10 16:31:06 +0300


Started GET "/assets/lib/html2canvas.js?body=1" for 127.0.0.1 at 2014-05-10 16:31:06 +0300


Started GET "/assets/lib/backbone-min.js?body=1" for 127.0.0.1 at 2014-05-10 16:31:06 +0300


Started GET "/assets/feedbacks.js?body=1" for 127.0.0.1 at 2014-05-10 16:31:06 +0300


Started GET "/assets/application.js?body=1" for 127.0.0.1 at 2014-05-10 16:31:06 +0300


Started GET "/feedbacks" for 127.0.0.1 at 2014-05-10 16:31:17 +0300
Processing by FeedbacksController#index as HTML
  [1m[36mFeedback Load (0.3ms)[0m  [1mSELECT "feedbacks".* FROM "feedbacks"[0m
  Rendered feedbacks/index.html.erb within layouts/application (1.1ms)
Completed 200 OK in 9ms (Views: 7.9ms | ActiveRecord: 0.3ms)


Started GET "/assets/scaffolds.css?body=1" for 127.0.0.1 at 2014-05-10 16:31:17 +0300


Started GET "/assets/jquery_ujs.js?body=1" for 127.0.0.1 at 2014-05-10 16:31:17 +0300


Started GET "/assets/turbolinks.js?body=1" for 127.0.0.1 at 2014-05-10 16:31:17 +0300


Started GET "/assets/application.css?body=1" for 127.0.0.1 at 2014-05-10 16:31:17 +0300


Started GET "/assets/jquery.js?body=1" for 127.0.0.1 at 2014-05-10 16:31:17 +0300


Started GET "/assets/underscore.js?body=1" for 127.0.0.1 at 2014-05-10 16:31:17 +0300


Started GET "/assets/lib/html2canvas.js?body=1" for 127.0.0.1 at 2014-05-10 16:31:17 +0300


Started GET "/assets/lib/backbone-min.js?body=1" for 127.0.0.1 at 2014-05-10 16:31:17 +0300


Started GET "/assets/feedbacks.css?body=1" for 127.0.0.1 at 2014-05-10 16:31:18 +0300


Started GET "/assets/feedbacks.js?body=1" for 127.0.0.1 at 2014-05-10 16:31:18 +0300


Started GET "/assets/application.js?body=1" for 127.0.0.1 at 2014-05-10 16:31:18 +0300


Started GET "/feedbacks" for 127.0.0.1 at 2014-05-10 16:32:14 +0300
Processing by FeedbacksController#index as HTML
  [1m[35mFeedback Load (0.1ms)[0m  SELECT "feedbacks".* FROM "feedbacks"
  Rendered feedbacks/index.html.erb within layouts/application (0.6ms)
Completed 200 OK in 259ms (Views: 258.1ms | ActiveRecord: 0.1ms)


Started GET "/assets/application.css?body=1" for 127.0.0.1 at 2014-05-10 16:32:15 +0300


Started GET "/assets/scaffolds.css?body=1" for 127.0.0.1 at 2014-05-10 16:32:15 +0300


Started GET "/assets/jquery.js?body=1" for 127.0.0.1 at 2014-05-10 16:32:15 +0300


Started GET "/assets/turbolinks.js?body=1" for 127.0.0.1 at 2014-05-10 16:32:15 +0300


Started GET "/assets/lib/html2canvas.js?body=1" for 127.0.0.1 at 2014-05-10 16:32:15 +0300


Started GET "/assets/underscore.js?body=1" for 127.0.0.1 at 2014-05-10 16:32:15 +0300


Started GET "/assets/jquery_ujs.js?body=1" for 127.0.0.1 at 2014-05-10 16:32:15 +0300


Started GET "/assets/lib/backbone-min.js?body=1" for 127.0.0.1 at 2014-05-10 16:32:15 +0300


Started GET "/assets/feedbacks.js?body=1" for 127.0.0.1 at 2014-05-10 16:32:15 +0300


Started GET "/assets/application.js?body=1" for 127.0.0.1 at 2014-05-10 16:32:15 +0300


Started GET "/assets/feedbacks.css?body=1" for 127.0.0.1 at 2014-05-10 16:32:15 +0300


Started GET "/feedbacks" for 127.0.0.1 at 2014-05-10 16:32:44 +0300
Processing by FeedbacksController#index as HTML
  [1m[36mFeedback Load (0.5ms)[0m  [1mSELECT "feedbacks".* FROM "feedbacks"[0m
  Rendered feedbacks/index.html.erb within layouts/application (2.9ms)
Completed 200 OK in 208ms (Views: 206.6ms | ActiveRecord: 0.5ms)


Started GET "/assets/scaffolds.css?body=1" for 127.0.0.1 at 2014-05-10 16:32:45 +0300


Started GET "/assets/application.css?body=1" for 127.0.0.1 at 2014-05-10 16:32:45 +0300


Started GET "/assets/turbolinks.js?body=1" for 127.0.0.1 at 2014-05-10 16:32:45 +0300


Started GET "/assets/jquery.js?body=1" for 127.0.0.1 at 2014-05-10 16:32:45 +0300


Started GET "/assets/underscore.js?body=1" for 127.0.0.1 at 2014-05-10 16:32:45 +0300


Started GET "/assets/lib/backbone-min.js?body=1" for 127.0.0.1 at 2014-05-10 16:32:45 +0300


Started GET "/assets/jquery_ujs.js?body=1" for 127.0.0.1 at 2014-05-10 16:32:45 +0300


Started GET "/assets/lib/html2canvas.js?body=1" for 127.0.0.1 at 2014-05-10 16:32:45 +0300


Started GET "/assets/feedbacks.css?body=1" for 127.0.0.1 at 2014-05-10 16:32:45 +0300


Started GET "/assets/feedbacks.js?body=1" for 127.0.0.1 at 2014-05-10 16:32:45 +0300


Started GET "/assets/application.js?body=1" for 127.0.0.1 at 2014-05-10 16:32:45 +0300


Started GET "/feedbacks" for 127.0.0.1 at 2014-05-10 16:35:55 +0300
Processing by FeedbacksController#index as HTML
  [1m[35mFeedback Load (0.1ms)[0m  SELECT "feedbacks".* FROM "feedbacks"
  Rendered feedbacks/index.html.erb within layouts/application (0.7ms)
Completed 200 OK in 242ms (Views: 241.1ms | ActiveRecord: 0.1ms)


Started GET "/assets/scaffolds.css?body=1" for 127.0.0.1 at 2014-05-10 16:35:55 +0300


Started GET "/assets/jquery.js?body=1" for 127.0.0.1 at 2014-05-10 16:35:55 +0300


Started GET "/assets/jquery_ujs.js?body=1" for 127.0.0.1 at 2014-05-10 16:35:55 +0300


Started GET "/assets/turbolinks.js?body=1" for 127.0.0.1 at 2014-05-10 16:35:55 +0300


Started GET "/assets/application.css?body=1" for 127.0.0.1 at 2014-05-10 16:35:55 +0300


Started GET "/assets/feedbacks.css?body=1" for 127.0.0.1 at 2014-05-10 16:35:55 +0300


Started GET "/assets/lib/html2canvas.js?body=1" for 127.0.0.1 at 2014-05-10 16:35:55 +0300


Started GET "/assets/underscore.js?body=1" for 127.0.0.1 at 2014-05-10 16:35:55 +0300


Started GET "/assets/lib/backbone-min.js?body=1" for 127.0.0.1 at 2014-05-10 16:35:55 +0300


Started GET "/assets/feedbacks.js?body=1" for 127.0.0.1 at 2014-05-10 16:35:55 +0300


Started GET "/assets/application.js?body=1" for 127.0.0.1 at 2014-05-10 16:35:55 +0300


Started GET "/feedbacks" for 127.0.0.1 at 2014-05-10 16:35:57 +0300
Processing by FeedbacksController#index as HTML
  [1m[36mFeedback Load (0.1ms)[0m  [1mSELECT "feedbacks".* FROM "feedbacks"[0m
  Rendered feedbacks/index.html.erb within layouts/application (0.8ms)
Completed 200 OK in 6ms (Views: 5.2ms | ActiveRecord: 0.1ms)


Started GET "/assets/application.css?body=1" for 127.0.0.1 at 2014-05-10 16:35:57 +0300


Started GET "/assets/underscore.js?body=1" for 127.0.0.1 at 2014-05-10 16:35:57 +0300


Started GET "/assets/jquery.js?body=1" for 127.0.0.1 at 2014-05-10 16:35:57 +0300


Started GET "/assets/jquery_ujs.js?body=1" for 127.0.0.1 at 2014-05-10 16:35:57 +0300


Started GET "/assets/turbolinks.js?body=1" for 127.0.0.1 at 2014-05-10 16:35:57 +0300


Started GET "/assets/scaffolds.css?body=1" for 127.0.0.1 at 2014-05-10 16:35:57 +0300


Started GET "/assets/lib/html2canvas.js?body=1" for 127.0.0.1 at 2014-05-10 16:35:57 +0300


Started GET "/assets/lib/backbone-min.js?body=1" for 127.0.0.1 at 2014-05-10 16:35:57 +0300


Started GET "/assets/application.js?body=1" for 127.0.0.1 at 2014-05-10 16:35:57 +0300


Started GET "/assets/feedbacks.js?body=1" for 127.0.0.1 at 2014-05-10 16:35:57 +0300


Started GET "/assets/feedbacks.css?body=1" for 127.0.0.1 at 2014-05-10 16:35:57 +0300


Started GET "/feedbacks" for 127.0.0.1 at 2014-05-10 16:37:14 +0300
Processing by FeedbacksController#index as HTML
  [1m[35mFeedback Load (0.1ms)[0m  SELECT "feedbacks".* FROM "feedbacks"
  Rendered feedbacks/index.html.erb within layouts/application (0.6ms)
Completed 200 OK in 24ms (Views: 22.8ms | ActiveRecord: 0.1ms)


Started GET "/assets/application.css?body=1" for 127.0.0.1 at 2014-05-10 16:37:14 +0300


Started GET "/assets/jquery_ujs.js?body=1" for 127.0.0.1 at 2014-05-10 16:37:14 +0300


Started GET "/assets/feedbacks.css?body=1" for 127.0.0.1 at 2014-05-10 16:37:14 +0300


Started GET "/assets/scaffolds.css?body=1" for 127.0.0.1 at 2014-05-10 16:37:14 +0300


Started GET "/assets/jquery.js?body=1" for 127.0.0.1 at 2014-05-10 16:37:14 +0300


Started GET "/assets/underscore.js?body=1" for 127.0.0.1 at 2014-05-10 16:37:14 +0300


Started GET "/assets/turbolinks.js?body=1" for 127.0.0.1 at 2014-05-10 16:37:14 +0300


Started GET "/assets/application.js?body=1" for 127.0.0.1 at 2014-05-10 16:37:14 +0300


Started GET "/feedbacks/new" for 127.0.0.1 at 2014-05-10 16:37:16 +0300
Processing by FeedbacksController#new as HTML
  Rendered feedbacks/_form.html.erb (3.2ms)
  Rendered feedbacks/new.html.erb within layouts/application (6.2ms)
Completed 200 OK in 16ms (Views: 15.0ms | ActiveRecord: 0.0ms)


Started POST "/feedbacks" for 127.0.0.1 at 2014-05-10 16:37:18 +0300
Processing by FeedbacksController#create as HTML
  Parameters: {"utf8"=>"✓", "authenticity_token"=>"yEDj21rtXJ6qaPAcZ5ukb4PsOGK+uH3PGbw5+86rJfM=", "feedback"=>{"text"=>"asdf"}, "commit"=>"Create Feedback"}
  [1m[36m (0.1ms)[0m  [1mbegin transaction[0m
  [1m[35mSQL (0.2ms)[0m  INSERT INTO "feedbacks" ("created_at", "text", "updated_at") VALUES (?, ?, ?)  [["created_at", "2014-05-10 13:37:18.089199"], ["text", "asdf"], ["updated_at", "2014-05-10 13:37:18.089199"]]
  [1m[36m (1.2ms)[0m  [1mcommit transaction[0m
Redirected to http://localhost:3000/feedbacks/3
Completed 302 Found in 4ms (ActiveRecord: 1.5ms)


Started GET "/feedbacks/3" for 127.0.0.1 at 2014-05-10 16:37:18 +0300
Processing by FeedbacksController#show as HTML
  Parameters: {"id"=>"3"}
  [1m[35mFeedback Load (0.1ms)[0m  SELECT  "feedbacks".* FROM "feedbacks"  WHERE "feedbacks"."id" = ? LIMIT 1  [["id", 3]]
  Rendered feedbacks/show.html.erb within layouts/application (0.4ms)
Completed 200 OK in 7ms (Views: 5.3ms | ActiveRecord: 0.1ms)


Started GET "/assets/scaffolds.css?body=1" for 127.0.0.1 at 2014-05-10 16:37:18 +0300


Started GET "/assets/application.css?body=1" for 127.0.0.1 at 2014-05-10 16:37:18 +0300


Started GET "/assets/turbolinks.js?body=1" for 127.0.0.1 at 2014-05-10 16:37:18 +0300


Started GET "/assets/jquery.js?body=1" for 127.0.0.1 at 2014-05-10 16:37:18 +0300


Started GET "/assets/feedbacks.css?body=1" for 127.0.0.1 at 2014-05-10 16:37:18 +0300


Started GET "/assets/jquery_ujs.js?body=1" for 127.0.0.1 at 2014-05-10 16:37:18 +0300


Started GET "/assets/underscore.js?body=1" for 127.0.0.1 at 2014-05-10 16:37:18 +0300


Started GET "/" for 127.0.0.1 at 2014-05-10 16:37:43 +0300
Processing by FeedbacksController#index as HTML
  [1m[36mFeedback Load (0.1ms)[0m  [1mSELECT "feedbacks".* FROM "feedbacks"[0m
  Rendered feedbacks/index.html.erb within layouts/application (1.1ms)
Completed 200 OK in 5ms (Views: 4.4ms | ActiveRecord: 0.1ms)


Started GET "/assets/scaffolds.css?body=1" for 127.0.0.1 at 2014-05-10 16:37:43 +0300


Started GET "/assets/jquery.js?body=1" for 127.0.0.1 at 2014-05-10 16:37:43 +0300


Started GET "/assets/turbolinks.js?body=1" for 127.0.0.1 at 2014-05-10 16:37:43 +0300


Started GET "/assets/underscore.js?body=1" for 127.0.0.1 at 2014-05-10 16:37:43 +0300


Started GET "/assets/jquery_ujs.js?body=1" for 127.0.0.1 at 2014-05-10 16:37:43 +0300


Started GET "/assets/application.js?body=1" for 127.0.0.1 at 2014-05-10 16:37:43 +0300


Started GET "/assets/application.css?body=1" for 127.0.0.1 at 2014-05-10 16:37:43 +0300


Started GET "/assets/feedbacks.css?body=1" for 127.0.0.1 at 2014-05-10 16:37:43 +0300


Started DELETE "/feedbacks/3" for 127.0.0.1 at 2014-05-10 16:37:47 +0300
Processing by FeedbacksController#destroy as HTML
  Parameters: {"authenticity_token"=>"yEDj21rtXJ6qaPAcZ5ukb4PsOGK+uH3PGbw5+86rJfM=", "id"=>"3"}
  [1m[35mFeedback Load (0.1ms)[0m  SELECT  "feedbacks".* FROM "feedbacks"  WHERE "feedbacks"."id" = ? LIMIT 1  [["id", 3]]
  [1m[36m (0.1ms)[0m  [1mbegin transaction[0m
  [1m[35mSQL (0.3ms)[0m  DELETE FROM "feedbacks" WHERE "feedbacks"."id" = ?  [["id", 3]]
  [1m[36m (1.3ms)[0m  [1mcommit transaction[0m
Redirected to http://localhost:3000/feedbacks
Completed 302 Found in 5ms (ActiveRecord: 1.8ms)


Started GET "/feedbacks" for 127.0.0.1 at 2014-05-10 16:37:47 +0300
Processing by FeedbacksController#index as HTML
  [1m[35mFeedback Load (0.1ms)[0m  SELECT "feedbacks".* FROM "feedbacks"
  Rendered feedbacks/index.html.erb within layouts/application (0.7ms)
Completed 200 OK in 5ms (Views: 4.6ms | ActiveRecord: 0.1ms)


Started GET "/assets/feedbacks.css?body=1" for 127.0.0.1 at 2014-05-10 16:37:47 +0300


Started GET "/assets/application.css?body=1" for 127.0.0.1 at 2014-05-10 16:37:47 +0300


Started GET "/assets/application.js?body=1" for 127.0.0.1 at 2014-05-10 16:37:47 +0300


Started GET "/assets/scaffolds.css?body=1" for 127.0.0.1 at 2014-05-10 16:37:47 +0300


Started GET "/assets/turbolinks.js?body=1" for 127.0.0.1 at 2014-05-10 16:37:47 +0300


Started GET "/assets/jquery_ujs.js?body=1" for 127.0.0.1 at 2014-05-10 16:37:47 +0300


Started GET "/assets/jquery.js?body=1" for 127.0.0.1 at 2014-05-10 16:37:47 +0300


Started GET "/assets/underscore.js?body=1" for 127.0.0.1 at 2014-05-10 16:37:47 +0300


Started GET "/" for 127.0.0.1 at 2014-05-10 16:55:54 +0300
  [1m[36mActiveRecord::SchemaMigration Load (0.2ms)[0m  [1mSELECT "schema_migrations".* FROM "schema_migrations"[0m
Processing by FeedbacksController#index as HTML
  [1m[35mFeedback Load (0.5ms)[0m  SELECT "feedbacks".* FROM "feedbacks"
  Rendered feedbacks/index.html.erb within layouts/application (4.4ms)
Completed 200 OK in 67ms (Views: 41.8ms | ActiveRecord: 0.5ms)


Started GET "/assets/feedbacks.css?body=1" for 127.0.0.1 at 2014-05-10 16:55:54 +0300


Started GET "/assets/application.css?body=1" for 127.0.0.1 at 2014-05-10 16:55:54 +0300


Started GET "/assets/jquery_ujs.js?body=1" for 127.0.0.1 at 2014-05-10 16:55:54 +0300


Started GET "/assets/scaffolds.css?body=1" for 127.0.0.1 at 2014-05-10 16:55:54 +0300


Started GET "/assets/turbolinks.js?body=1" for 127.0.0.1 at 2014-05-10 16:55:55 +0300


Started GET "/assets/jquery.js?body=1" for 127.0.0.1 at 2014-05-10 16:55:55 +0300


Started GET "/assets/underscore.js?body=1" for 127.0.0.1 at 2014-05-10 16:55:55 +0300


Started GET "/assets/application.js?body=1" for 127.0.0.1 at 2014-05-10 16:55:55 +0300


Started GET "/" for 127.0.0.1 at 2015-01-08 11:38:12 +0200
  [1m[36mActiveRecord::SchemaMigration Load (0.1ms)[0m  [1mSELECT "schema_migrations".* FROM "schema_migrations"[0m
Processing by FeedbacksController#index as HTML
  [1m[35mFeedback Load (0.2ms)[0m  SELECT "feedbacks".* FROM "feedbacks"
  Rendered feedbacks/index.html.erb within layouts/application (2.7ms)
Completed 200 OK in 487ms (Views: 475.5ms | ActiveRecord: 0.3ms)


Started GET "/assets/feedbacks.css?body=1" for 127.0.0.1 at 2015-01-08 11:38:13 +0200


Started GET "/assets/scaffolds.css?body=1" for 127.0.0.1 at 2015-01-08 11:38:13 +0200


Started GET "/assets/application.css?body=1" for 127.0.0.1 at 2015-01-08 11:38:13 +0200


Started GET "/assets/jquery.js?body=1" for 127.0.0.1 at 2015-01-08 11:38:13 +0200


Started GET "/assets/jquery_ujs.js?body=1" for 127.0.0.1 at 2015-01-08 11:38:13 +0200


Started GET "/assets/turbolinks.js?body=1" for 127.0.0.1 at 2015-01-08 11:38:13 +0200


Started GET "/assets/application.js?body=1" for 127.0.0.1 at 2015-01-08 11:38:13 +0200


Started GET "/assets/underscore.js?body=1" for 127.0.0.1 at 2015-01-08 11:38:13 +0200


Started GET "/feedbacks/new" for 127.0.0.1 at 2015-01-08 11:38:15 +0200
Processing by FeedbacksController#new as HTML
  Rendered feedbacks/_form.html.erb (16.7ms)
  Rendered feedbacks/new.html.erb within layouts/application (20.9ms)
Completed 200 OK in 96ms (Views: 90.6ms | ActiveRecord: 0.3ms)


Started POST "/feedbacks" for 127.0.0.1 at 2015-01-08 11:38:18 +0200
Processing by FeedbacksController#create as HTML
  Parameters: {"utf8"=>"✓", "authenticity_token"=>"yqZP0MFLid9EHItrHkVP69jhsE1haHNls08L4CZHhgz+LijixXuxg/5GoIy720Fble5XuTwKxiORCt2kE6IKfw==", "feedback"=>{"text"=>"hello"}, "commit"=>"Create Feedback"}
  [1m[36m (0.1ms)[0m  [1mbegin transaction[0m
  [1m[35mSQL (0.4ms)[0m  INSERT INTO "feedbacks" ("text", "created_at", "updated_at") VALUES (?, ?, ?)  [["text", "hello"], ["created_at", "2015-01-08 09:38:18.647359"], ["updated_at", "2015-01-08 09:38:18.647359"]]
  [1m[36m (1.4ms)[0m  [1mcommit transaction[0m
Redirected to 
Completed 500 Internal Server Error in 10ms

ArgumentError (wrong number of arguments (2 for 1)):
  app/controllers/feedbacks_controller.rb:31:in `block (2 levels) in create'
  app/controllers/feedbacks_controller.rb:29:in `create'


  Rendered /Users/stenver/.rvm/gems/ruby-2.1.2/gems/actionpack-4.2.0/lib/action_dispatch/middleware/templates/rescues/_source.erb (5.9ms)
  Rendered /Users/stenver/.rvm/gems/ruby-2.1.2/gems/actionpack-4.2.0/lib/action_dispatch/middleware/templates/rescues/_trace.html.erb (2.8ms)
  Rendered /Users/stenver/.rvm/gems/ruby-2.1.2/gems/actionpack-4.2.0/lib/action_dispatch/middleware/templates/rescues/_request_and_response.html.erb (1.2ms)
  Rendered /Users/stenver/.rvm/gems/ruby-2.1.2/gems/actionpack-4.2.0/lib/action_dispatch/middleware/templates/rescues/diagnostics.html.erb within rescues/layout (24.7ms)


Started GET "/" for 127.0.0.1 at 2015-01-08 11:38:52 +0200
  [1m[36mActiveRecord::SchemaMigration Load (0.2ms)[0m  [1mSELECT "schema_migrations".* FROM "schema_migrations"[0m
Processing by FeedbacksController#index as HTML
  [1m[35mFeedback Load (0.1ms)[0m  SELECT "feedbacks".* FROM "feedbacks"
  Rendered feedbacks/index.html.erb within layouts/application (4.7ms)
Completed 200 OK in 97ms (Views: 87.5ms | ActiveRecord: 0.4ms)


Started GET "/assets/underscore.js?body=1" for 127.0.0.1 at 2015-01-08 11:38:52 +0200


Started DELETE "/feedbacks/4" for 127.0.0.1 at 2015-01-08 11:38:56 +0200
Processing by FeedbacksController#destroy as HTML
  Parameters: {"authenticity_token"=>"NIhnMgQwOFy6WivnpZ4OsE0P5/RdYrVGIkXWRDXljHM=", "id"=>"4"}
  [1m[36mFeedback Load (0.3ms)[0m  [1mSELECT  "feedbacks".* FROM "feedbacks"  WHERE "feedbacks"."id" = ? LIMIT 1[0m  [["id", 4]]
  [1m[35m (0.1ms)[0m  begin transaction
  [1m[36mSQL (0.3ms)[0m  [1mDELETE FROM "feedbacks" WHERE "feedbacks"."id" = ?[0m  [["id", 4]]
  [1m[35m (0.7ms)[0m  commit transaction
Redirected to http://localhost:3000/feedbacks
Completed 302 Found in 8ms (ActiveRecord: 1.4ms)


Started GET "/feedbacks" for 127.0.0.1 at 2015-01-08 11:38:56 +0200
Processing by FeedbacksController#index as HTML
  [1m[36mFeedback Load (0.2ms)[0m  [1mSELECT "feedbacks".* FROM "feedbacks"[0m
  Rendered feedbacks/index.html.erb within layouts/application (1.1ms)
Completed 200 OK in 49ms (Views: 47.5ms | ActiveRecord: 0.2ms)


Started GET "/assets/underscore.js?body=1" for 127.0.0.1 at 2015-01-08 11:38:56 +0200


Started GET "/feedbacks/new" for 127.0.0.1 at 2015-01-08 11:38:57 +0200
Processing by FeedbacksController#new as HTML
  Rendered feedbacks/_form.html.erb (15.5ms)
  Rendered feedbacks/new.html.erb within layouts/application (21.9ms)
Completed 200 OK in 80ms (Views: 78.7ms | ActiveRecord: 0.0ms)


Started POST "/feedbacks" for 127.0.0.1 at 2015-01-08 11:38:59 +0200
Processing by FeedbacksController#create as HTML
  Parameters: {"utf8"=>"✓", "authenticity_token"=>"NIhnMgQwOFy6WivnpZ4OsE0P5/RdYrVGIkXWRDXljHM=", "feedback"=>{"text"=>"asd"}, "commit"=>"Create Feedback"}
  [1m[35m (0.1ms)[0m  begin transaction
  [1m[36mSQL (0.3ms)[0m  [1mINSERT INTO "feedbacks" ("created_at", "text", "updated_at") VALUES (?, ?, ?)[0m  [["created_at", "2015-01-08 09:38:59.115728"], ["text", "asd"], ["updated_at", "2015-01-08 09:38:59.115728"]]
  [1m[35m (0.8ms)[0m  commit transaction
Redirected to http://localhost:3000/feedbacks/5
Completed 302 Found in 4ms (ActiveRecord: 1.1ms)


Started GET "/feedbacks/5" for 127.0.0.1 at 2015-01-08 11:38:59 +0200
Processing by FeedbacksController#show as HTML
  Parameters: {"id"=>"5"}
  [1m[36mFeedback Load (0.1ms)[0m  [1mSELECT  "feedbacks".* FROM "feedbacks"  WHERE "feedbacks"."id" = ? LIMIT 1[0m  [["id", 5]]
  Rendered feedbacks/show.html.erb within layouts/application (0.7ms)
Completed 200 OK in 67ms (Views: 66.0ms | ActiveRecord: 0.1ms)


Started GET "/assets/underscore.js?body=1" for 127.0.0.1 at 2015-01-08 11:38:59 +0200


Started GET "/feedbacks/5/edit" for 127.0.0.1 at 2015-01-08 11:39:00 +0200
Processing by FeedbacksController#edit as HTML
  Parameters: {"id"=>"5"}
  [1m[35mFeedback Load (0.1ms)[0m  SELECT  "feedbacks".* FROM "feedbacks"  WHERE "feedbacks"."id" = ? LIMIT 1  [["id", 5]]
  Rendered feedbacks/_form.html.erb (1.4ms)
  Rendered feedbacks/edit.html.erb within layouts/application (2.6ms)
Completed 200 OK in 63ms (Views: 61.8ms | ActiveRecord: 0.1ms)


Started PATCH "/feedbacks/5" for 127.0.0.1 at 2015-01-08 11:39:02 +0200
Processing by FeedbacksController#update as HTML
  Parameters: {"utf8"=>"✓", "authenticity_token"=>"NIhnMgQwOFy6WivnpZ4OsE0P5/RdYrVGIkXWRDXljHM=", "feedback"=>{"text"=>"asdewre"}, "commit"=>"Update Feedback", "id"=>"5"}
  [1m[36mFeedback Load (0.1ms)[0m  [1mSELECT  "feedbacks".* FROM "feedbacks"  WHERE "feedbacks"."id" = ? LIMIT 1[0m  [["id", 5]]
  [1m[35m (0.0ms)[0m  begin transaction
  [1m[36mSQL (1.0ms)[0m  [1mUPDATE "feedbacks" SET "text" = ?, "updated_at" = ? WHERE "feedbacks"."id" = 5[0m  [["text", "asdewre"], ["updated_at", "2015-01-08 09:39:02.188359"]]
  [1m[35m (0.9ms)[0m  commit transaction
Redirected to http://localhost:3000/feedbacks/5
Completed 302 Found in 7ms (ActiveRecord: 2.0ms)


Started GET "/feedbacks/5" for 127.0.0.1 at 2015-01-08 11:39:02 +0200
Processing by FeedbacksController#show as HTML
  Parameters: {"id"=>"5"}
  [1m[36mFeedback Load (0.1ms)[0m  [1mSELECT  "feedbacks".* FROM "feedbacks"  WHERE "feedbacks"."id" = ? LIMIT 1[0m  [["id", 5]]
  Rendered feedbacks/show.html.erb within layouts/application (0.3ms)
Completed 200 OK in 59ms (Views: 57.7ms | ActiveRecord: 0.1ms)


Started GET "/assets/underscore.js?body=1" for 127.0.0.1 at 2015-01-08 11:39:02 +0200


Started GET "/feedbacks" for 127.0.0.1 at 2015-01-08 11:39:03 +0200
Processing by FeedbacksController#index as HTML
  [1m[35mFeedback Load (0.2ms)[0m  SELECT "feedbacks".* FROM "feedbacks"
  Rendered feedbacks/index.html.erb within layouts/application (3.3ms)
Completed 200 OK in 63ms (Views: 62.2ms | ActiveRecord: 0.2ms)


Started DELETE "/feedbacks/5" for 127.0.0.1 at 2015-01-08 11:39:05 +0200
Processing by FeedbacksController#destroy as HTML
  Parameters: {"authenticity_token"=>"NIhnMgQwOFy6WivnpZ4OsE0P5/RdYrVGIkXWRDXljHM=", "id"=>"5"}
  [1m[36mFeedback Load (0.1ms)[0m  [1mSELECT  "feedbacks".* FROM "feedbacks"  WHERE "feedbacks"."id" = ? LIMIT 1[0m  [["id", 5]]
  [1m[35m (0.1ms)[0m  begin transaction
  [1m[36mSQL (0.2ms)[0m  [1mDELETE FROM "feedbacks" WHERE "feedbacks"."id" = ?[0m  [["id", 5]]
  [1m[35m (1.2ms)[0m  commit transaction
Redirected to http://localhost:3000/feedbacks
Completed 302 Found in 5ms (ActiveRecord: 1.7ms)


Started GET "/feedbacks" for 127.0.0.1 at 2015-01-08 11:39:05 +0200
Processing by FeedbacksController#index as HTML
  [1m[36mFeedback Load (0.1ms)[0m  [1mSELECT "feedbacks".* FROM "feedbacks"[0m
  Rendered feedbacks/index.html.erb within layouts/application (0.7ms)
Completed 200 OK in 50ms (Views: 49.5ms | ActiveRecord: 0.1ms)


Started GET "/assets/underscore.js?body=1" for 127.0.0.1 at 2015-01-08 11:39:05 +0200


Started GET "/feedbacks/new" for 127.0.0.1 at 2015-01-08 11:39:07 +0200
Processing by FeedbacksController#new as HTML
  Rendered feedbacks/_form.html.erb (1.8ms)
  Rendered feedbacks/new.html.erb within layouts/application (2.9ms)
Completed 200 OK in 60ms (Views: 57.2ms | ActiveRecord: 0.0ms)


Started POST "/feedbacks" for 127.0.0.1 at 2015-01-08 11:39:09 +0200
Processing by FeedbacksController#create as HTML
  Parameters: {"utf8"=>"✓", "authenticity_token"=>"NIhnMgQwOFy6WivnpZ4OsE0P5/RdYrVGIkXWRDXljHM=", "feedback"=>{"text"=>"dasf"}, "commit"=>"Create Feedback"}
  [1m[35m (0.1ms)[0m  begin transaction
  [1m[36mSQL (0.3ms)[0m  [1mINSERT INTO "feedbacks" ("created_at", "text", "updated_at") VALUES (?, ?, ?)[0m  [["created_at", "2015-01-08 09:39:09.515612"], ["text", "dasf"], ["updated_at", "2015-01-08 09:39:09.515612"]]
  [1m[35m (1.0ms)[0m  commit transaction
Redirected to http://localhost:3000/feedbacks/6
Completed 302 Found in 5ms (ActiveRecord: 1.4ms)


Started GET "/feedbacks/6" for 127.0.0.1 at 2015-01-08 11:39:09 +0200
Processing by FeedbacksController#show as HTML
  Parameters: {"id"=>"6"}
  [1m[36mFeedback Load (0.2ms)[0m  [1mSELECT  "feedbacks".* FROM "feedbacks"  WHERE "feedbacks"."id" = ? LIMIT 1[0m  [["id", 6]]
  Rendered feedbacks/show.html.erb within layouts/application (0.6ms)
Completed 200 OK in 60ms (Views: 56.6ms | ActiveRecord: 0.2ms)


Started GET "/assets/underscore.js?body=1" for 127.0.0.1 at 2015-01-08 11:39:09 +0200


Started GET "/feedbacks/6/edit" for 127.0.0.1 at 2015-01-08 11:39:10 +0200
Processing by FeedbacksController#edit as HTML
  Parameters: {"id"=>"6"}
  [1m[35mFeedback Load (0.2ms)[0m  SELECT  "feedbacks".* FROM "feedbacks"  WHERE "feedbacks"."id" = ? LIMIT 1  [["id", 6]]
  Rendered feedbacks/_form.html.erb (6.8ms)
  Rendered feedbacks/edit.html.erb within layouts/application (11.2ms)
Completed 200 OK in 62ms (Views: 59.7ms | ActiveRecord: 0.2ms)


Started PATCH "/feedbacks/6" for 127.0.0.1 at 2015-01-08 11:39:11 +0200
Processing by FeedbacksController#update as HTML
  Parameters: {"utf8"=>"✓", "authenticity_token"=>"NIhnMgQwOFy6WivnpZ4OsE0P5/RdYrVGIkXWRDXljHM=", "feedback"=>{"text"=>"dasf"}, "commit"=>"Update Feedback", "id"=>"6"}
  [1m[36mFeedback Load (0.1ms)[0m  [1mSELECT  "feedbacks".* FROM "feedbacks"  WHERE "feedbacks"."id" = ? LIMIT 1[0m  [["id", 6]]
  [1m[35m (0.1ms)[0m  begin transaction
  [1m[36m (0.0ms)[0m  [1mcommit transaction[0m
Redirected to http://localhost:3000/feedbacks/6
Completed 302 Found in 3ms (ActiveRecord: 0.2ms)


Started GET "/feedbacks/6" for 127.0.0.1 at 2015-01-08 11:39:11 +0200
Processing by FeedbacksController#show as HTML
  Parameters: {"id"=>"6"}
  [1m[35mFeedback Load (0.1ms)[0m  SELECT  "feedbacks".* FROM "feedbacks"  WHERE "feedbacks"."id" = ? LIMIT 1  [["id", 6]]
  Rendered feedbacks/show.html.erb within layouts/application (0.3ms)
Completed 200 OK in 56ms (Views: 53.6ms | ActiveRecord: 0.1ms)


Started GET "/assets/underscore.js?body=1" for 127.0.0.1 at 2015-01-08 11:39:12 +0200


Started GET "/feedbacks" for 127.0.0.1 at 2015-01-08 11:39:13 +0200
Processing by FeedbacksController#index as HTML
  [1m[36mFeedback Load (0.1ms)[0m  [1mSELECT "feedbacks".* FROM "feedbacks"[0m
  Rendered feedbacks/index.html.erb within layouts/application (1.1ms)
Completed 200 OK in 64ms (Views: 63.1ms | ActiveRecord: 0.1ms)


Started GET "/feedbacks/6" for 127.0.0.1 at 2015-01-08 11:39:14 +0200
Processing by FeedbacksController#show as HTML
  Parameters: {"id"=>"6"}
  [1m[35mFeedback Load (0.1ms)[0m  SELECT  "feedbacks".* FROM "feedbacks"  WHERE "feedbacks"."id" = ? LIMIT 1  [["id", 6]]
  Rendered feedbacks/show.html.erb within layouts/application (0.9ms)
Completed 200 OK in 57ms (Views: 55.7ms | ActiveRecord: 0.1ms)
